#-----------------------------------------------------------
# Vivado v2018.2 (64-bit)
# SW Build 2258646 on Thu Jun 14 20:02:38 MDT 2018
# IP Build 2256618 on Thu Jun 14 22:10:49 MDT 2018
# Start of session at: Sat Feb 15 18:19:12 2025
# Process ID: 64711
# Current directory: /home/mumuksh24/IC_Design/scripting-and-automation
# Command line: vivado -mode batch -source tcl_run.tcl -tclargs shifter.v
# Log file: /home/mumuksh24/IC_Design/scripting-and-automation/vivado.log
# Journal file: /home/mumuksh24/IC_Design/scripting-and-automation/vivado.jou
#-----------------------------------------------------------
source tcl_run.tcl
# open_project [pwd]/Automation/Project_1.xpr 
Scanning sources...
Finished scanning sources
open_project: Time (s): cpu = 00:00:09 ; elapsed = 00:00:19 . Memory (MB): peak = 1388.527 ; gain = 122.020 ; free physical = 253155 ; free virtual = 484703
# set_property source_mgmt_mode None [current_project]
# update_compile_order -fileset sources_1 
# set_property top [string trimright [lindex $argv 0] ".v"] [current_fileset]
# set_property source_mgmt_mode None [current_project]
# update_compile_order -fileset sources_1
# reset_run synth_1  
# launch_runs synth_1 -jobs 20
[Sat Feb 15 18:20:09 2025] Launched synth_1...
Run output will be captured here: /home/mumuksh24/IC_Design/scripting-and-automation/Automation/Project_1.runs/synth_1/runme.log
# wait_on_run synth_1
[Sat Feb 15 18:20:11 2025] Waiting for synth_1 to finish...

*** Running vivado
    with args -log shifter.vds -m64 -product Vivado -mode batch -messageDb vivado.pb -notrace -source shifter.tcl


****** Vivado v2018.2 (64-bit)
  **** SW Build 2258646 on Thu Jun 14 20:02:38 MDT 2018
  **** IP Build 2256618 on Thu Jun 14 22:10:49 MDT 2018
    ** Copyright 1986-2018 Xilinx, Inc. All Rights Reserved.

source shifter.tcl -notrace
create_project: Time (s): cpu = 00:00:09 ; elapsed = 00:00:19 . Memory (MB): peak = 1384.527 ; gain = 118.020 ; free physical = 253472 ; free virtual = 485019
Command: synth_design -top shifter -part xc7a200tfbg676-2
Starting synth_design
Attempting to get a license for feature 'Synthesis' and/or device 'xc7a200t'
INFO: [Common 17-349] Got license for feature 'Synthesis' and/or device 'xc7a200t'
INFO: Launching helper process for spawning children vivado processes
INFO: Helper process launched with PID 67201 
WARNING: [Synth 8-2490] overwriting previous definition of module clk_div [/home/mumuksh24/IC_Design/scripting-and-automation/Modules/top_moore.v:76]
---------------------------------------------------------------------------------
Starting Synthesize : Time (s): cpu = 00:00:04 ; elapsed = 00:00:13 . Memory (MB): peak = 1493.352 ; gain = 97.250 ; free physical = 253124 ; free virtual = 484672
---------------------------------------------------------------------------------
INFO: [Synth 8-6157] synthesizing module 'shifter' [/home/mumuksh24/IC_Design/scripting-and-automation/Modules/shifter.v:3]
INFO: [Synth 8-6155] done synthesizing module 'shifter' (1#1) [/home/mumuksh24/IC_Design/scripting-and-automation/Modules/shifter.v:3]
---------------------------------------------------------------------------------
Finished Synthesize : Time (s): cpu = 00:00:05 ; elapsed = 00:00:16 . Memory (MB): peak = 1522.609 ; gain = 126.508 ; free physical = 252938 ; free virtual = 484499
---------------------------------------------------------------------------------
---------------------------------------------------------------------------------
Finished Constraint Validation : Time (s): cpu = 00:00:06 ; elapsed = 00:00:17 . Memory (MB): peak = 1522.609 ; gain = 126.508 ; free physical = 252932 ; free virtual = 484492
---------------------------------------------------------------------------------
---------------------------------------------------------------------------------
Start Loading Part and Timing Information
---------------------------------------------------------------------------------
Loading part: xc7a200tfbg676-2
---------------------------------------------------------------------------------
Finished Loading Part and Timing Information : Time (s): cpu = 00:00:06 ; elapsed = 00:00:17 . Memory (MB): peak = 1530.609 ; gain = 134.508 ; free physical = 252925 ; free virtual = 484486
---------------------------------------------------------------------------------
INFO: [Device 21-403] Loading part xc7a200tfbg676-2
---------------------------------------------------------------------------------
Finished RTL Optimization Phase 2 : Time (s): cpu = 00:00:06 ; elapsed = 00:00:17 . Memory (MB): peak = 1538.617 ; gain = 142.516 ; free physical = 252961 ; free virtual = 484524
---------------------------------------------------------------------------------

Report RTL Partitions: 
+-+--------------+------------+----------+
| |RTL Partition |Replication |Instances |
+-+--------------+------------+----------+
+-+--------------+------------+----------+
No constraint files found.
---------------------------------------------------------------------------------
Start RTL Component Statistics 
---------------------------------------------------------------------------------
Detailed RTL Component Info : 
+---Registers : 
	                4 Bit    Registers := 1     
+---Muxes : 
	   4 Input      4 Bit        Muxes := 1     
---------------------------------------------------------------------------------
Finished RTL Component Statistics 
---------------------------------------------------------------------------------
---------------------------------------------------------------------------------
Start RTL Hierarchical Component Statistics 
---------------------------------------------------------------------------------
Hierarchical RTL Component report 
Module shifter 
Detailed RTL Component Info : 
+---Registers : 
	                4 Bit    Registers := 1     
+---Muxes : 
	   4 Input      4 Bit        Muxes := 1     
---------------------------------------------------------------------------------
Finished RTL Hierarchical Component Statistics
---------------------------------------------------------------------------------
---------------------------------------------------------------------------------
Start Part Resource Summary
---------------------------------------------------------------------------------
Part Resources:
DSPs: 740 (col length:100)
BRAMs: 730 (col length: RAMB18 100 RAMB36 50)
---------------------------------------------------------------------------------
Finished Part Resource Summary
---------------------------------------------------------------------------------
No constraint files found.
---------------------------------------------------------------------------------
Start Cross Boundary and Area Optimization
---------------------------------------------------------------------------------
Warning: Parallel synthesis criteria is not met 
---------------------------------------------------------------------------------
Finished Cross Boundary and Area Optimization : Time (s): cpu = 00:00:17 ; elapsed = 00:01:57 . Memory (MB): peak = 1701.012 ; gain = 304.910 ; free physical = 250872 ; free virtual = 482475
---------------------------------------------------------------------------------

Report RTL Partitions: 
+-+--------------+------------+----------+
| |RTL Partition |Replication |Instances |
+-+--------------+------------+----------+
+-+--------------+------------+----------+
No constraint files found.
---------------------------------------------------------------------------------
Start Timing Optimization
---------------------------------------------------------------------------------
---------------------------------------------------------------------------------
Finished Timing Optimization : Time (s): cpu = 00:00:17 ; elapsed = 00:01:58 . Memory (MB): peak = 1701.016 ; gain = 304.914 ; free physical = 250932 ; free virtual = 482535
---------------------------------------------------------------------------------

Report RTL Partitions: 
+-+--------------+------------+----------+
| |RTL Partition |Replication |Instances |
+-+--------------+------------+----------+
+-+--------------+------------+----------+
---------------------------------------------------------------------------------
Start Technology Mapping
---------------------------------------------------------------------------------
---------------------------------------------------------------------------------
Finished Technology Mapping : Time (s): cpu = 00:00:17 ; elapsed = 00:01:58 . Memory (MB): peak = 1701.016 ; gain = 304.914 ; free physical = 250873 ; free virtual = 482475
---------------------------------------------------------------------------------

Report RTL Partitions: 
+-+--------------+------------+----------+
| |RTL Partition |Replication |Instances |
+-+--------------+------------+----------+
+-+--------------+------------+----------+
---------------------------------------------------------------------------------
Start IO Insertion
---------------------------------------------------------------------------------
---------------------------------------------------------------------------------
Start Flattening Before IO Insertion
---------------------------------------------------------------------------------
---------------------------------------------------------------------------------
Finished Flattening Before IO Insertion
---------------------------------------------------------------------------------
---------------------------------------------------------------------------------
Start Final Netlist Cleanup
---------------------------------------------------------------------------------
---------------------------------------------------------------------------------
Finished Final Netlist Cleanup
---------------------------------------------------------------------------------
---------------------------------------------------------------------------------
Finished IO Insertion : Time (s): cpu = 00:00:19 ; elapsed = 00:02:01 . Memory (MB): peak = 1701.016 ; gain = 304.914 ; free physical = 250839 ; free virtual = 482443
---------------------------------------------------------------------------------

Report Check Netlist: 
+------+------------------+-------+---------+-------+------------------+
|      |Item              |Errors |Warnings |Status |Description       |
+------+------------------+-------+---------+-------+------------------+
|1     |multi_driven_nets |      0|        0|Passed |Multi driven nets |
+------+------------------+-------+---------+-------+------------------+
---------------------------------------------------------------------------------
Start Renaming Generated Instances
---------------------------------------------------------------------------------
---------------------------------------------------------------------------------
Finished Renaming Generated Instances : Time (s): cpu = 00:00:19 ; elapsed = 00:02:01 . Memory (MB): peak = 1701.016 ; gain = 304.914 ; free physical = 250839 ; free virtual = 482443
---------------------------------------------------------------------------------

Report RTL Partitions: 
+-+--------------+------------+----------+
| |RTL Partition |Replication |Instances |
+-+--------------+------------+----------+
+-+--------------+------------+----------+
---------------------------------------------------------------------------------
Start Rebuilding User Hierarchy
---------------------------------------------------------------------------------
---------------------------------------------------------------------------------
Finished Rebuilding User Hierarchy : Time (s): cpu = 00:00:19 ; elapsed = 00:02:01 . Memory (MB): peak = 1701.016 ; gain = 304.914 ; free physical = 250836 ; free virtual = 482440
---------------------------------------------------------------------------------
---------------------------------------------------------------------------------
Start Renaming Generated Ports
---------------------------------------------------------------------------------
---------------------------------------------------------------------------------
Finished Renaming Generated Ports : Time (s): cpu = 00:00:19 ; elapsed = 00:02:01 . Memory (MB): peak = 1701.016 ; gain = 304.914 ; free physical = 250835 ; free virtual = 482439
---------------------------------------------------------------------------------
---------------------------------------------------------------------------------
Start Handling Custom Attributes
---------------------------------------------------------------------------------
---------------------------------------------------------------------------------
Finished Handling Custom Attributes : Time (s): cpu = 00:00:19 ; elapsed = 00:02:01 . Memory (MB): peak = 1701.016 ; gain = 304.914 ; free physical = 250834 ; free virtual = 482438
---------------------------------------------------------------------------------
---------------------------------------------------------------------------------
Start Renaming Generated Nets
---------------------------------------------------------------------------------
---------------------------------------------------------------------------------
Finished Renaming Generated Nets : Time (s): cpu = 00:00:19 ; elapsed = 00:02:01 . Memory (MB): peak = 1701.016 ; gain = 304.914 ; free physical = 250834 ; free virtual = 482438
---------------------------------------------------------------------------------
---------------------------------------------------------------------------------
Start Writing Synthesis Report
---------------------------------------------------------------------------------

Report BlackBoxes: 
+-+--------------+----------+
| |BlackBox name |Instances |
+-+--------------+----------+
+-+--------------+----------+

Report Cell Usage: 
+------+-----+------+
|      |Cell |Count |
+------+-----+------+
|1     |BUFG |     1|
|2     |LUT3 |     1|
|3     |LUT4 |     1|
|4     |LUT5 |     1|
|5     |LUT6 |     1|
|6     |FDRE |     4|
|7     |IBUF |     7|
|8     |OBUF |     4|
+------+-----+------+

Report Instance Areas: 
+------+---------+-------+------+
|      |Instance |Module |Cells |
+------+---------+-------+------+
|1     |top      |       |    20|
+------+---------+-------+------+
---------------------------------------------------------------------------------
Finished Writing Synthesis Report : Time (s): cpu = 00:00:19 ; elapsed = 00:02:01 . Memory (MB): peak = 1701.016 ; gain = 304.914 ; free physical = 250827 ; free virtual = 482432
---------------------------------------------------------------------------------
Synthesis finished with 0 errors, 0 critical warnings and 1 warnings.
Synthesis Optimization Runtime : Time (s): cpu = 00:00:19 ; elapsed = 00:02:01 . Memory (MB): peak = 1701.016 ; gain = 304.914 ; free physical = 250819 ; free virtual = 482423
Synthesis Optimization Complete : Time (s): cpu = 00:00:19 ; elapsed = 00:02:01 . Memory (MB): peak = 1701.020 ; gain = 304.914 ; free physical = 250817 ; free virtual = 482421
INFO: [Project 1-571] Translating synthesized netlist
INFO: [Netlist 29-17] Analyzing 7 Unisim elements for replacement
INFO: [Netlist 29-28] Unisim Transformation completed in 0 CPU seconds
INFO: [Project 1-570] Preparing netlist for logic optimization
INFO: [Opt 31-138] Pushed 0 inverter(s) to 0 load pin(s).
INFO: [Project 1-111] Unisim Transformation Summary:
No Unisim elements were transformed.

INFO: [Common 17-83] Releasing license: Synthesis
11 Infos, 1 Warnings, 0 Critical Warnings and 0 Errors encountered.
synth_design completed successfully
synth_design: Time (s): cpu = 00:00:25 ; elapsed = 00:02:11 . Memory (MB): peak = 1844.062 ; gain = 459.535 ; free physical = 250820 ; free virtual = 482423
WARNING: [Constraints 18-5210] No constraint will be written out.
INFO: [Common 17-1381] The checkpoint '/home/mumuksh24/IC_Design/scripting-and-automation/Automation/Project_1.runs/synth_1/shifter.dcp' has been generated.
INFO: [runtcl-4] Executing : report_utilization -file shifter_utilization_synth.rpt -pb shifter_utilization_synth.pb
report_utilization: Time (s): cpu = 00:00:00.19 ; elapsed = 00:00:00.69 . Memory (MB): peak = 1868.082 ; gain = 0.000 ; free physical = 250740 ; free virtual = 482345
INFO: [Common 17-206] Exiting Vivado at Sat Feb 15 18:23:28 2025...
[Sat Feb 15 18:23:29 2025] synth_1 finished
wait_on_run: Time (s): cpu = 00:00:55 ; elapsed = 00:03:19 . Memory (MB): peak = 1404.102 ; gain = 0.000 ; free physical = 251506 ; free virtual = 483109
# reset_run impl_1
# launch_runs impl_1 -jobs 20
[Sat Feb 15 18:23:29 2025] Launched impl_1...
Run output will be captured here: /home/mumuksh24/IC_Design/scripting-and-automation/Automation/Project_1.runs/impl_1/runme.log
# wait_on_run impl_1
[Sat Feb 15 18:23:29 2025] Waiting for impl_1 to finish...

*** Running vivado
    with args -log shifter.vdi -applog -m64 -product Vivado -messageDb vivado.pb -mode batch -source shifter.tcl -notrace


****** Vivado v2018.2 (64-bit)
  **** SW Build 2258646 on Thu Jun 14 20:02:38 MDT 2018
  **** IP Build 2256618 on Thu Jun 14 22:10:49 MDT 2018
    ** Copyright 1986-2018 Xilinx, Inc. All Rights Reserved.

source shifter.tcl -notrace
create_project: Time (s): cpu = 00:00:09 ; elapsed = 00:00:20 . Memory (MB): peak = 1384.531 ; gain = 118.020 ; free physical = 250290 ; free virtual = 481894
Command: link_design -top shifter -part xc7a200tfbg676-2
Design is defaulting to srcset: sources_1
Design is defaulting to constrset: constrs_1
INFO: [Netlist 29-17] Analyzing 7 Unisim elements for replacement
INFO: [Netlist 29-28] Unisim Transformation completed in 0 CPU seconds
INFO: [Project 1-479] Netlist was created with Vivado 2018.2
INFO: [Device 21-403] Loading part xc7a200tfbg676-2
INFO: [Project 1-570] Preparing netlist for logic optimization
INFO: [Project 1-111] Unisim Transformation Summary:
No Unisim elements were transformed.

6 Infos, 0 Warnings, 0 Critical Warnings and 0 Errors encountered.
link_design completed successfully
link_design: Time (s): cpu = 00:00:16 ; elapsed = 00:01:55 . Memory (MB): peak = 1687.977 ; gain = 299.445 ; free physical = 249598 ; free virtual = 481203
Command: opt_design
Attempting to get a license for feature 'Implementation' and/or device 'xc7a200t'
INFO: [Common 17-349] Got license for feature 'Implementation' and/or device 'xc7a200t'
Running DRC as a precondition to command opt_design

Starting DRC Task
INFO: [DRC 23-27] Running DRC with 8 threads
INFO: [Project 1-461] DRC finished with 0 Errors
INFO: [Project 1-462] Please refer to the DRC report (report_drc) for more information.

Time (s): cpu = 00:00:02 ; elapsed = 00:00:06 . Memory (MB): peak = 1782.008 ; gain = 94.031 ; free physical = 249550 ; free virtual = 481155

Starting Cache Timing Information Task
INFO: [Timing 38-35] Done setting XDC timing constraints.
Ending Cache Timing Information Task | Checksum: adb1fa5b

Time (s): cpu = 00:00:26 ; elapsed = 00:02:31 . Memory (MB): peak = 2235.699 ; gain = 453.691 ; free physical = 250524 ; free virtual = 482133

Starting Logic Optimization Task

Phase 1 Retarget
INFO: [Opt 31-138] Pushed 0 inverter(s) to 0 load pin(s).
INFO: [Opt 31-49] Retargeted 0 cell(s).
Phase 1 Retarget | Checksum: adb1fa5b

Time (s): cpu = 00:00:00.05 ; elapsed = 00:00:00.23 . Memory (MB): peak = 2235.703 ; gain = 0.004 ; free physical = 250505 ; free virtual = 482114
INFO: [Opt 31-389] Phase Retarget created 0 cells and removed 0 cells

Phase 2 Constant propagation
INFO: [Opt 31-138] Pushed 0 inverter(s) to 0 load pin(s).
Phase 2 Constant propagation | Checksum: adb1fa5b

Time (s): cpu = 00:00:00.05 ; elapsed = 00:00:00.23 . Memory (MB): peak = 2235.703 ; gain = 0.004 ; free physical = 250527 ; free virtual = 482137
INFO: [Opt 31-389] Phase Constant propagation created 0 cells and removed 0 cells

Phase 3 Sweep
Phase 3 Sweep | Checksum: adb1fa5b

Time (s): cpu = 00:00:00.06 ; elapsed = 00:00:00.24 . Memory (MB): peak = 2235.703 ; gain = 0.004 ; free physical = 250542 ; free virtual = 482152
INFO: [Opt 31-389] Phase Sweep created 0 cells and removed 0 cells

Phase 4 BUFG optimization
Phase 4 BUFG optimization | Checksum: adb1fa5b

Time (s): cpu = 00:00:00.06 ; elapsed = 00:00:00.25 . Memory (MB): peak = 2235.703 ; gain = 0.004 ; free physical = 250541 ; free virtual = 482151
INFO: [Opt 31-662] Phase BUFG optimization created 0 cells of which 0 are BUFGs and removed 0 cells.

Phase 5 Shift Register Optimization
Phase 5 Shift Register Optimization | Checksum: adb1fa5b

Time (s): cpu = 00:00:00.07 ; elapsed = 00:00:00.26 . Memory (MB): peak = 2235.703 ; gain = 0.004 ; free physical = 250579 ; free virtual = 482189
INFO: [Opt 31-389] Phase Shift Register Optimization created 0 cells and removed 0 cells

Phase 6 Post Processing Netlist
Phase 6 Post Processing Netlist | Checksum: adb1fa5b

Time (s): cpu = 00:00:00.07 ; elapsed = 00:00:00.26 . Memory (MB): peak = 2235.703 ; gain = 0.004 ; free physical = 250580 ; free virtual = 482190
INFO: [Opt 31-389] Phase Post Processing Netlist created 0 cells and removed 0 cells

Starting Connectivity Check Task

Time (s): cpu = 00:00:00 ; elapsed = 00:00:00.01 . Memory (MB): peak = 2235.703 ; gain = 0.000 ; free physical = 250580 ; free virtual = 482190
Ending Logic Optimization Task | Checksum: adb1fa5b

Time (s): cpu = 00:00:00.07 ; elapsed = 00:00:00.28 . Memory (MB): peak = 2235.703 ; gain = 0.004 ; free physical = 250574 ; free virtual = 482184

Starting Power Optimization Task
INFO: [Pwropt 34-132] Skipping clock gating for clocks with a period < 2.00 ns.
Ending Power Optimization Task | Checksum: adb1fa5b

Time (s): cpu = 00:00:00.03 ; elapsed = 00:00:00.10 . Memory (MB): peak = 2235.703 ; gain = 0.000 ; free physical = 250543 ; free virtual = 482151

Starting Final Cleanup Task
Ending Final Cleanup Task | Checksum: adb1fa5b

Time (s): cpu = 00:00:00 ; elapsed = 00:00:00 . Memory (MB): peak = 2235.703 ; gain = 0.000 ; free physical = 250543 ; free virtual = 482151
INFO: [Common 17-83] Releasing license: Implementation
22 Infos, 0 Warnings, 0 Critical Warnings and 0 Errors encountered.
opt_design completed successfully
opt_design: Time (s): cpu = 00:00:28 ; elapsed = 00:02:37 . Memory (MB): peak = 2235.703 ; gain = 547.727 ; free physical = 250542 ; free virtual = 482150
WARNING: [Constraints 18-5210] No constraint will be written out.
INFO: [Common 17-1381] The checkpoint '/home/mumuksh24/IC_Design/scripting-and-automation/Automation/Project_1.runs/impl_1/shifter_opt.dcp' has been generated.
INFO: [runtcl-4] Executing : report_drc -file shifter_drc_opted.rpt -pb shifter_drc_opted.pb -rpx shifter_drc_opted.rpx
Command: report_drc -file shifter_drc_opted.rpt -pb shifter_drc_opted.pb -rpx shifter_drc_opted.rpx
INFO: [IP_Flow 19-234] Refreshing IP repositories
INFO: [IP_Flow 19-1704] No user IP repositories specified
INFO: [IP_Flow 19-2313] Loaded Vivado IP repository '/opt/Xilinx/Vivado/2018.2/data/ip'.
INFO: [DRC 23-27] Running DRC with 8 threads
INFO: [Coretcl 2-168] The results of DRC are in file /home/mumuksh24/IC_Design/scripting-and-automation/Automation/Project_1.runs/impl_1/shifter_drc_opted.rpt.
report_drc completed successfully
report_drc: Time (s): cpu = 00:00:07 ; elapsed = 00:00:15 . Memory (MB): peak = 2299.734 ; gain = 32.012 ; free physical = 250441 ; free virtual = 482051
Command: place_design
Attempting to get a license for feature 'Implementation' and/or device 'xc7a200t'
INFO: [Common 17-349] Got license for feature 'Implementation' and/or device 'xc7a200t'
INFO: [DRC 23-27] Running DRC with 8 threads
INFO: [Vivado_Tcl 4-198] DRC finished with 0 Errors
INFO: [Vivado_Tcl 4-199] Please refer to the DRC report (report_drc) for more information.
Running DRC as a precondition to command place_design
INFO: [DRC 23-27] Running DRC with 8 threads
INFO: [Vivado_Tcl 4-198] DRC finished with 0 Errors
INFO: [Vivado_Tcl 4-199] Please refer to the DRC report (report_drc) for more information.

Starting Placer Task
INFO: [Place 30-611] Multithreading enabled for place_design using a maximum of 8 CPUs

Phase 1 Placer Initialization

Phase 1.1 Placer Initialization Netlist Sorting
Netlist sorting complete. Time (s): cpu = 00:00:00 ; elapsed = 00:00:00 . Memory (MB): peak = 2299.734 ; gain = 0.000 ; free physical = 250449 ; free virtual = 482060
Phase 1.1 Placer Initialization Netlist Sorting | Checksum: 8b407812

Time (s): cpu = 00:00:00.02 ; elapsed = 00:00:00.04 . Memory (MB): peak = 2299.734 ; gain = 0.000 ; free physical = 250449 ; free virtual = 482060
Netlist sorting complete. Time (s): cpu = 00:00:00 ; elapsed = 00:00:00 . Memory (MB): peak = 2299.734 ; gain = 0.000 ; free physical = 250449 ; free virtual = 482060

Phase 1.2 IO Placement/ Clock Placement/ Build Placer Device
INFO: [Timing 38-35] Done setting XDC timing constraints.
Phase 1.2 IO Placement/ Clock Placement/ Build Placer Device | Checksum: 159410833

Time (s): cpu = 00:00:05 ; elapsed = 00:00:07 . Memory (MB): peak = 2345.746 ; gain = 46.012 ; free physical = 251604 ; free virtual = 483216

Phase 1.3 Build Placer Netlist Model
Phase 1.3 Build Placer Netlist Model | Checksum: 185548a39

Time (s): cpu = 00:00:05 ; elapsed = 00:00:07 . Memory (MB): peak = 2345.746 ; gain = 46.012 ; free physical = 251615 ; free virtual = 483222

Phase 1.4 Constrain Clocks/Macros
Phase 1.4 Constrain Clocks/Macros | Checksum: 185548a39

Time (s): cpu = 00:00:05 ; elapsed = 00:00:07 . Memory (MB): peak = 2345.746 ; gain = 46.012 ; free physical = 251612 ; free virtual = 483219
Phase 1 Placer Initialization | Checksum: 185548a39

Time (s): cpu = 00:00:05 ; elapsed = 00:00:07 . Memory (MB): peak = 2345.746 ; gain = 46.012 ; free physical = 251611 ; free virtual = 483218

Phase 2 Global Placement

Phase 2.1 Floorplanning
Phase 2.1 Floorplanning | Checksum: 185548a39

Time (s): cpu = 00:00:05 ; elapsed = 00:00:07 . Memory (MB): peak = 2345.746 ; gain = 46.012 ; free physical = 251620 ; free virtual = 483227
WARNING: [Place 46-29] place_design is not in timing mode. Skip physical synthesis in placer
Phase 2 Global Placement | Checksum: 2143ca609

Time (s): cpu = 00:00:12 ; elapsed = 00:00:12 . Memory (MB): peak = 2487.797 ; gain = 188.062 ; free physical = 251457 ; free virtual = 483065

Phase 3 Detail Placement

Phase 3.1 Commit Multi Column Macros
Phase 3.1 Commit Multi Column Macros | Checksum: 2143ca609

Time (s): cpu = 00:00:12 ; elapsed = 00:00:12 . Memory (MB): peak = 2487.797 ; gain = 188.062 ; free physical = 251454 ; free virtual = 483062

Phase 3.2 Commit Most Macros & LUTRAMs
Phase 3.2 Commit Most Macros & LUTRAMs | Checksum: 1d61c54ab

Time (s): cpu = 00:00:12 ; elapsed = 00:00:13 . Memory (MB): peak = 2487.797 ; gain = 188.062 ; free physical = 251440 ; free virtual = 483047

Phase 3.3 Area Swap Optimization
Phase 3.3 Area Swap Optimization | Checksum: 246984b0a

Time (s): cpu = 00:00:12 ; elapsed = 00:00:13 . Memory (MB): peak = 2487.797 ; gain = 188.062 ; free physical = 251427 ; free virtual = 483034

Phase 3.4 Pipeline Register Optimization
Phase 3.4 Pipeline Register Optimization | Checksum: 246984b0a

Time (s): cpu = 00:00:12 ; elapsed = 00:00:13 . Memory (MB): peak = 2487.797 ; gain = 188.062 ; free physical = 251427 ; free virtual = 483035

Phase 3.5 Small Shape Detail Placement
Phase 3.5 Small Shape Detail Placement | Checksum: 1cc71160d

Time (s): cpu = 00:00:14 ; elapsed = 00:00:15 . Memory (MB): peak = 2487.797 ; gain = 188.062 ; free physical = 251435 ; free virtual = 483045

Phase 3.6 Re-assign LUT pins
Phase 3.6 Re-assign LUT pins | Checksum: 1cc71160d

Time (s): cpu = 00:00:14 ; elapsed = 00:00:15 . Memory (MB): peak = 2487.797 ; gain = 188.062 ; free physical = 251436 ; free virtual = 483046

Phase 3.7 Pipeline Register Optimization
Phase 3.7 Pipeline Register Optimization | Checksum: 1cc71160d

Time (s): cpu = 00:00:14 ; elapsed = 00:00:15 . Memory (MB): peak = 2487.797 ; gain = 188.062 ; free physical = 251432 ; free virtual = 483041
Phase 3 Detail Placement | Checksum: 1cc71160d

Time (s): cpu = 00:00:14 ; elapsed = 00:00:15 . Memory (MB): peak = 2487.797 ; gain = 188.062 ; free physical = 251431 ; free virtual = 483040

Phase 4 Post Placement Optimization and Clean-Up

Phase 4.1 Post Commit Optimization
Phase 4.1 Post Commit Optimization | Checksum: 1cc71160d

Time (s): cpu = 00:00:14 ; elapsed = 00:00:15 . Memory (MB): peak = 2487.797 ; gain = 188.062 ; free physical = 251427 ; free virtual = 483037

Phase 4.2 Post Placement Cleanup
Phase 4.2 Post Placement Cleanup | Checksum: 1cc71160d

Time (s): cpu = 00:00:14 ; elapsed = 00:00:15 . Memory (MB): peak = 2487.797 ; gain = 188.062 ; free physical = 251418 ; free virtual = 483028

Phase 4.3 Placer Reporting
Phase 4.3 Placer Reporting | Checksum: 1cc71160d

Time (s): cpu = 00:00:14 ; elapsed = 00:00:15 . Memory (MB): peak = 2487.797 ; gain = 188.062 ; free physical = 251417 ; free virtual = 483027

Phase 4.4 Final Placement Cleanup
Phase 4.4 Final Placement Cleanup | Checksum: 21ef00f2c

Time (s): cpu = 00:00:14 ; elapsed = 00:00:15 . Memory (MB): peak = 2487.797 ; gain = 188.062 ; free physical = 251410 ; free virtual = 483019
Phase 4 Post Placement Optimization and Clean-Up | Checksum: 21ef00f2c

Time (s): cpu = 00:00:14 ; elapsed = 00:00:15 . Memory (MB): peak = 2487.797 ; gain = 188.062 ; free physical = 251408 ; free virtual = 483018
Ending Placer Task | Checksum: 13e9f8dd6

Time (s): cpu = 00:00:14 ; elapsed = 00:00:15 . Memory (MB): peak = 2487.797 ; gain = 188.062 ; free physical = 251338 ; free virtual = 482947
INFO: [Common 17-83] Releasing license: Implementation
39 Infos, 2 Warnings, 0 Critical Warnings and 0 Errors encountered.
place_design completed successfully
place_design: Time (s): cpu = 00:00:17 ; elapsed = 00:00:21 . Memory (MB): peak = 2487.797 ; gain = 188.062 ; free physical = 251335 ; free virtual = 482945
WARNING: [Constraints 18-5210] No constraint will be written out.
Writing placer database...
Writing XDEF routing.
Writing XDEF routing logical nets.
Writing XDEF routing special nets.
Write XDEF Complete: Time (s): cpu = 00:00:00.19 ; elapsed = 00:00:00.87 . Memory (MB): peak = 2487.797 ; gain = 0.000 ; free physical = 251300 ; free virtual = 482913
INFO: [Common 17-1381] The checkpoint '/home/mumuksh24/IC_Design/scripting-and-automation/Automation/Project_1.runs/impl_1/shifter_placed.dcp' has been generated.
INFO: [runtcl-4] Executing : report_io -file shifter_io_placed.rpt
report_io: Time (s): cpu = 00:00:00.26 ; elapsed = 00:00:00.90 . Memory (MB): peak = 2487.797 ; gain = 0.000 ; free physical = 251259 ; free virtual = 482870
INFO: [runtcl-4] Executing : report_utilization -file shifter_utilization_placed.rpt -pb shifter_utilization_placed.pb
report_utilization: Time (s): cpu = 00:00:00.22 ; elapsed = 00:00:00.80 . Memory (MB): peak = 2487.797 ; gain = 0.000 ; free physical = 251265 ; free virtual = 482877
INFO: [runtcl-4] Executing : report_control_sets -verbose -file shifter_control_sets_placed.rpt
report_control_sets: Time (s): cpu = 00:00:00.03 ; elapsed = 00:00:00.38 . Memory (MB): peak = 2487.797 ; gain = 0.000 ; free physical = 251407 ; free virtual = 483018
Command: route_design
Attempting to get a license for feature 'Implementation' and/or device 'xc7a200t'
INFO: [Common 17-349] Got license for feature 'Implementation' and/or device 'xc7a200t'
Running DRC as a precondition to command route_design
INFO: [DRC 23-27] Running DRC with 8 threads
INFO: [Vivado_Tcl 4-198] DRC finished with 0 Errors
INFO: [Vivado_Tcl 4-199] Please refer to the DRC report (report_drc) for more information.


Starting Routing Task
INFO: [Route 35-254] Multithreading enabled for route_design using a maximum of 8 CPUs
Checksum: PlaceDB: 87dcef81 ConstDB: 0 ShapeSum: b6c29e55 RouteDB: 0

Phase 1 Build RT Design
Phase 1 Build RT Design | Checksum: ea6606a8

Time (s): cpu = 00:02:06 ; elapsed = 00:03:30 . Memory (MB): peak = 2607.156 ; gain = 119.359 ; free physical = 253037 ; free virtual = 484652
Post Restoration Checksum: NetGraph: a5de23ea NumContArr: 4487e2be Constraints: 0 Timing: 0

Phase 2 Router Initialization
INFO: [Route 35-64] No timing constraints were detected. The router will operate in resource-optimization mode.

Phase 2.1 Fix Topology Constraints
Phase 2.1 Fix Topology Constraints | Checksum: ea6606a8

Time (s): cpu = 00:02:06 ; elapsed = 00:03:30 . Memory (MB): peak = 2619.145 ; gain = 131.348 ; free physical = 252973 ; free virtual = 484588

Phase 2.2 Pre Route Cleanup
Phase 2.2 Pre Route Cleanup | Checksum: ea6606a8

Time (s): cpu = 00:02:06 ; elapsed = 00:03:30 . Memory (MB): peak = 2619.145 ; gain = 131.348 ; free physical = 252972 ; free virtual = 484587
 Number of Nodes with overlaps = 0
Phase 2 Router Initialization | Checksum: 14b7e637d

Time (s): cpu = 00:02:07 ; elapsed = 00:03:32 . Memory (MB): peak = 2634.660 ; gain = 146.863 ; free physical = 252944 ; free virtual = 484559

Phase 3 Initial Routing
Phase 3 Initial Routing | Checksum: 1213272bd

Time (s): cpu = 00:02:08 ; elapsed = 00:03:33 . Memory (MB): peak = 2634.660 ; gain = 146.863 ; free physical = 252917 ; free virtual = 484532

Phase 4 Rip-up And Reroute

Phase 4.1 Global Iteration 0
 Number of Nodes with overlaps = 0
Phase 4.1 Global Iteration 0 | Checksum: 191363f3d

Time (s): cpu = 00:02:08 ; elapsed = 00:03:33 . Memory (MB): peak = 2634.660 ; gain = 146.863 ; free physical = 252967 ; free virtual = 484582
Phase 4 Rip-up And Reroute | Checksum: 191363f3d

Time (s): cpu = 00:02:08 ; elapsed = 00:03:33 . Memory (MB): peak = 2634.660 ; gain = 146.863 ; free physical = 252964 ; free virtual = 484579

Phase 5 Delay and Skew Optimization
Phase 5 Delay and Skew Optimization | Checksum: 191363f3d

Time (s): cpu = 00:02:08 ; elapsed = 00:03:33 . Memory (MB): peak = 2634.660 ; gain = 146.863 ; free physical = 252964 ; free virtual = 484579

Phase 6 Post Hold Fix

Phase 6.1 Hold Fix Iter
Phase 6.1 Hold Fix Iter | Checksum: 191363f3d

Time (s): cpu = 00:02:08 ; elapsed = 00:03:33 . Memory (MB): peak = 2634.660 ; gain = 146.863 ; free physical = 252958 ; free virtual = 484573
Phase 6 Post Hold Fix | Checksum: 191363f3d

Time (s): cpu = 00:02:08 ; elapsed = 00:03:33 . Memory (MB): peak = 2634.660 ; gain = 146.863 ; free physical = 252959 ; free virtual = 484574

Phase 7 Route finalize

Router Utilization Summary
  Global Vertical Routing Utilization    = 0.000668084 %
  Global Horizontal Routing Utilization  = 0.000693985 %
  Routable Net Status*
  *Does not include unroutable nets such as driverless and loadless.
  Run report_route_status for detailed report.
  Number of Failed Nets               = 0
  Number of Unrouted Nets             = 0
  Number of Partially Routed Nets     = 0
  Number of Node Overlaps             = 0

Congestion Report
North Dir 1x1 Area, Max Cong = 1.8018%, No Congested Regions.
South Dir 1x1 Area, Max Cong = 9.00901%, No Congested Regions.
East Dir 1x1 Area, Max Cong = 5.88235%, No Congested Regions.
West Dir 1x1 Area, Max Cong = 7.35294%, No Congested Regions.

------------------------------
Reporting congestion hotspots
------------------------------
Direction: North
----------------
Congested clusters found at Level 0
Effective congestion level: 0 Aspect Ratio: 1 Sparse Ratio: 0
Direction: South
----------------
Congested clusters found at Level 0
Effective congestion level: 0 Aspect Ratio: 1 Sparse Ratio: 0
Direction: East
----------------
Congested clusters found at Level 0
Effective congestion level: 0 Aspect Ratio: 1 Sparse Ratio: 0
Direction: West
----------------
Congested clusters found at Level 0
Effective congestion level: 0 Aspect Ratio: 1 Sparse Ratio: 0

Phase 7 Route finalize | Checksum: 191363f3d

Time (s): cpu = 00:02:09 ; elapsed = 00:03:33 . Memory (MB): peak = 2634.660 ; gain = 146.863 ; free physical = 253003 ; free virtual = 484618

Phase 8 Verifying routed nets

 Verification completed successfully
Phase 8 Verifying routed nets | Checksum: 191363f3d

Time (s): cpu = 00:02:09 ; elapsed = 00:03:33 . Memory (MB): peak = 2634.660 ; gain = 146.863 ; free physical = 253000 ; free virtual = 484615

Phase 9 Depositing Routes
Phase 9 Depositing Routes | Checksum: 136fe450b

Time (s): cpu = 00:02:09 ; elapsed = 00:03:33 . Memory (MB): peak = 2634.660 ; gain = 146.863 ; free physical = 252994 ; free virtual = 484610
INFO: [Route 35-16] Router Completed Successfully

Time (s): cpu = 00:02:09 ; elapsed = 00:03:33 . Memory (MB): peak = 2634.660 ; gain = 146.863 ; free physical = 253054 ; free virtual = 484669

Routing Is Done.
INFO: [Common 17-83] Releasing license: Implementation
51 Infos, 3 Warnings, 0 Critical Warnings and 0 Errors encountered.
route_design completed successfully
route_design: Time (s): cpu = 00:02:12 ; elapsed = 00:03:40 . Memory (MB): peak = 2634.664 ; gain = 146.867 ; free physical = 253051 ; free virtual = 484666
WARNING: [Constraints 18-5210] No constraint will be written out.
Writing placer database...
Writing XDEF routing.
Writing XDEF routing logical nets.
Writing XDEF routing special nets.
Write XDEF Complete: Time (s): cpu = 00:00:00.04 ; elapsed = 00:00:00.06 . Memory (MB): peak = 2634.664 ; gain = 0.000 ; free physical = 253014 ; free virtual = 484630
INFO: [Common 17-1381] The checkpoint '/home/mumuksh24/IC_Design/scripting-and-automation/Automation/Project_1.runs/impl_1/shifter_routed.dcp' has been generated.
INFO: [runtcl-4] Executing : report_drc -file shifter_drc_routed.rpt -pb shifter_drc_routed.pb -rpx shifter_drc_routed.rpx
Command: report_drc -file shifter_drc_routed.rpt -pb shifter_drc_routed.pb -rpx shifter_drc_routed.rpx
INFO: [DRC 23-27] Running DRC with 8 threads
INFO: [Coretcl 2-168] The results of DRC are in file /home/mumuksh24/IC_Design/scripting-and-automation/Automation/Project_1.runs/impl_1/shifter_drc_routed.rpt.
report_drc completed successfully
report_drc: Time (s): cpu = 00:00:04 ; elapsed = 00:00:08 . Memory (MB): peak = 2722.707 ; gain = 88.039 ; free physical = 252648 ; free virtual = 484282
INFO: [runtcl-4] Executing : report_methodology -file shifter_methodology_drc_routed.rpt -pb shifter_methodology_drc_routed.pb -rpx shifter_methodology_drc_routed.rpx
Command: report_methodology -file shifter_methodology_drc_routed.rpt -pb shifter_methodology_drc_routed.pb -rpx shifter_methodology_drc_routed.rpx
INFO: [Timing 38-35] Done setting XDC timing constraints.
INFO: [Timing 38-35] Done setting XDC timing constraints.
INFO: [DRC 23-133] Running Methodology with 8 threads
INFO: [Coretcl 2-1520] The results of Report Methodology are in file /home/mumuksh24/IC_Design/scripting-and-automation/Automation/Project_1.runs/impl_1/shifter_methodology_drc_routed.rpt.
report_methodology completed successfully
report_methodology: Time (s): cpu = 00:00:03 ; elapsed = 00:00:06 . Memory (MB): peak = 2722.707 ; gain = 0.000 ; free physical = 252552 ; free virtual = 484192
INFO: [runtcl-4] Executing : report_power -file shifter_power_routed.rpt -pb shifter_power_summary_routed.pb -rpx shifter_power_routed.rpx
Command: report_power -file shifter_power_routed.rpt -pb shifter_power_summary_routed.pb -rpx shifter_power_routed.rpx
WARNING: [Power 33-232] No user defined clocks were found in the design!
Resolution: Please specify clocks using create_clock/create_generated_clock for sequential elements. For pure combinatorial circuits, please specify a virtual clock, otherwise the vectorless estimation might be inaccurate
INFO: [Timing 38-35] Done setting XDC timing constraints.
Running Vector-less Activity Propagation...

Finished Running Vector-less Activity Propagation
62 Infos, 5 Warnings, 0 Critical Warnings and 0 Errors encountered.
report_power completed successfully
report_power: Time (s): cpu = 00:00:03 ; elapsed = 00:00:06 . Memory (MB): peak = 2752.988 ; gain = 30.281 ; free physical = 252409 ; free virtual = 484024
INFO: [runtcl-4] Executing : report_route_status -file shifter_route_status.rpt -pb shifter_route_status.pb
INFO: [runtcl-4] Executing : report_timing_summary -max_paths 10 -file shifter_timing_summary_routed.rpt -pb shifter_timing_summary_routed.pb -rpx shifter_timing_summary_routed.rpx -warn_on_violation 
INFO: [Timing 38-91] UpdateTimingParams: Speed grade: -2, Delay Type: min_max, Timing Stage: Requireds.
INFO: [Timing 38-191] Multithreading enabled for timing update using a maximum of 8 CPUs
WARNING: [Timing 38-313] There are no user specified timing constraints. Timing constraints are needed for proper timing analysis.
INFO: [runtcl-4] Executing : report_incremental_reuse -file shifter_incremental_reuse_routed.rpt
INFO: [Vivado_Tcl 4-545] No incremental reuse to report, no incremental placement and routing data was found.
INFO: [runtcl-4] Executing : report_clock_utilization -file shifter_clock_utilization_routed.rpt
report_clock_utilization: Time (s): cpu = 00:00:05 ; elapsed = 00:00:10 . Memory (MB): peak = 2752.988 ; gain = 0.000 ; free physical = 252996 ; free virtual = 484673
INFO: [runtcl-4] Executing : report_bus_skew -warn_on_violation -file shifter_bus_skew_routed.rpt -pb shifter_bus_skew_routed.pb -rpx shifter_bus_skew_routed.rpx
INFO: [Timing 38-91] UpdateTimingParams: Speed grade: -2, Delay Type: min_max, Timing Stage: Requireds.
INFO: [Timing 38-191] Multithreading enabled for timing update using a maximum of 8 CPUs
INFO: [Common 17-206] Exiting Vivado at Sat Feb 15 18:34:00 2025...
[Sat Feb 15 18:34:06 2025] impl_1 finished
wait_on_run: Time (s): cpu = 00:00:01 ; elapsed = 00:10:36 . Memory (MB): peak = 1404.102 ; gain = 0.000 ; free physical = 254267 ; free virtual = 485949
# open_run impl_1
INFO: [Netlist 29-17] Analyzing 7 Unisim elements for replacement
INFO: [Netlist 29-28] Unisim Transformation completed in 0 CPU seconds
INFO: [Project 1-479] Netlist was created with Vivado 2018.2
INFO: [Device 21-403] Loading part xc7a200tfbg676-2
INFO: [Project 1-570] Preparing netlist for logic optimization
Reading XDEF placement.
Reading placer database...
Reading XDEF routing.
Read XDEF File: Time (s): cpu = 00:00:00.17 ; elapsed = 00:00:00.81 . Memory (MB): peak = 1695.965 ; gain = 5.000 ; free physical = 252311 ; free virtual = 483988
Restored from archive | CPU: 0.400000 secs | Memory: 0.942352 MB |
Finished XDEF File Restore: Time (s): cpu = 00:00:00.17 ; elapsed = 00:00:00.82 . Memory (MB): peak = 1695.965 ; gain = 5.000 ; free physical = 252334 ; free virtual = 484010
INFO: [Project 1-111] Unisim Transformation Summary:
No Unisim elements were transformed.

open_run: Time (s): cpu = 00:00:15 ; elapsed = 00:01:48 . Memory (MB): peak = 1695.965 ; gain = 291.863 ; free physical = 252395 ; free virtual = 484071
# report_power > results/[string trimright [lindex $argv 0] ".v"]/power.txt
Command: report_power
INFO: [Timing 38-35] Done setting XDC timing constraints.
WARNING: [Power 33-232] No user defined clocks were found in the design!
Resolution: Please specify clocks using create_clock/create_generated_clock for sequential elements. For pure combinatorial circuits, please specify a virtual clock, otherwise the vectorless estimation might be inaccurate
Running Vector-less Activity Propagation...

Finished Running Vector-less Activity Propagation
Copyright 1986-2018 Xilinx, Inc. All Rights Reserved.
------------------------------------------------------------------------------------------
| Tool Version     : Vivado v.2018.2 (lin64) Build 2258646 Thu Jun 14 20:02:38 MDT 2018
| Date             : Sat Feb 15 18:38:21 2025
| Host             : vlsi.iitgn.ac.in running 64-bit CentOS Linux release 7.4.1708 (Core)
| Command          : report_power
| Design           : shifter
| Device           : xc7a200tfbg676-2
| Design State     : routed
| Grade            : commercial
| Process          : typical
| Characterization : Production
------------------------------------------------------------------------------------------

Power Report

Table of Contents
-----------------
1. Summary
1.1 On-Chip Components
1.2 Power Supply Summary
1.3 Confidence Level
2. Settings
2.1 Environment
2.2 Clock Constraints
3. Detailed Reports
3.1 By Hierarchy

1. Summary
----------

+--------------------------+--------------+
| Total On-Chip Power (W)  | 1.408        |
| Design Power Budget (W)  | Unspecified* |
| Power Budget Margin (W)  | NA           |
| Dynamic (W)              | 1.274        |
| Device Static (W)        | 0.134        |
| Effective TJA (C/W)      | 1.9          |
| Max Ambient (C)          | 82.4         |
| Junction Temperature (C) | 27.6         |
| Confidence Level         | Low          |
| Setting File             | ---          |
| Simulation Activity File | ---          |
| Design Nets Matched      | NA           |
+--------------------------+--------------+
* Specify Design Power Budget using, set_operating_conditions -design_power_budget <value in Watts>


1.1 On-Chip Components
----------------------

+----------------+-----------+----------+-----------+-----------------+
| On-Chip        | Power (W) | Used     | Available | Utilization (%) |
+----------------+-----------+----------+-----------+-----------------+
| Slice Logic    |     0.020 |       11 |       --- |             --- |
|   LUT as Logic |     0.013 |        3 |    134600 |           <0.01 |
|   BUFG         |     0.006 |        1 |        32 |            3.13 |
|   Register     |     0.001 |        4 |    269200 |           <0.01 |
|   Others       |     0.000 |        2 |       --- |             --- |
| Signals        |     0.044 |       12 |       --- |             --- |
| I/O            |     1.210 |       11 |       400 |            2.75 |
| Static Power   |     0.134 |          |           |                 |
| Total          |     1.408 |          |           |                 |
+----------------+-----------+----------+-----------+-----------------+


1.2 Power Supply Summary
------------------------

+-----------+-------------+-----------+-------------+------------+
| Source    | Voltage (V) | Total (A) | Dynamic (A) | Static (A) |
+-----------+-------------+-----------+-------------+------------+
| Vccint    |       1.000 |     0.125 |       0.092 |      0.033 |
| Vccaux    |       1.800 |     0.128 |       0.097 |      0.031 |
| Vcco33    |       3.300 |     0.000 |       0.000 |      0.000 |
| Vcco25    |       2.500 |     0.000 |       0.000 |      0.000 |
| Vcco18    |       1.800 |     0.565 |       0.560 |      0.005 |
| Vcco15    |       1.500 |     0.000 |       0.000 |      0.000 |
| Vcco135   |       1.350 |     0.000 |       0.000 |      0.000 |
| Vcco12    |       1.200 |     0.000 |       0.000 |      0.000 |
| Vccaux_io |       1.800 |     0.000 |       0.000 |      0.000 |
| Vccbram   |       1.000 |     0.001 |       0.000 |      0.001 |
| MGTAVcc   |       1.000 |     0.000 |       0.000 |      0.000 |
| MGTAVtt   |       1.200 |     0.000 |       0.000 |      0.000 |
| Vccadc    |       1.800 |     0.020 |       0.000 |      0.020 |
+-----------+-------------+-----------+-------------+------------+


1.3 Confidence Level
--------------------

+-----------------------------+------------+--------------------------------------------------------+--------------------------------------------------------------------------------------------------------------------+
| User Input Data             | Confidence | Details                                                | Action                                                                                                             |
+-----------------------------+------------+--------------------------------------------------------+--------------------------------------------------------------------------------------------------------------------+
| Design implementation state | High       | Design is routed                                       |                                                                                                                    |
| Clock nodes activity        | Low        | User specified less than 75% of clocks                 | Provide missing clock activity with a constraint file, simulation results or by editing the "By Clock Domain" view |
| I/O nodes activity          | Low        | More than 75% of inputs are missing user specification | Provide missing input activity with simulation results or by editing the "By Resource Type -> I/Os" view           |
| Internal nodes activity     | Medium     | User specified less than 25% of internal nodes         | Provide missing internal nodes activity with simulation results or by editing the "By Resource Type" views         |
| Device models               | High       | Device models are Production                           |                                                                                                                    |
|                             |            |                                                        |                                                                                                                    |
| Overall confidence level    | Low        |                                                        |                                                                                                                    |
+-----------------------------+------------+--------------------------------------------------------+--------------------------------------------------------------------------------------------------------------------+


2. Settings
-----------

2.1 Environment
---------------

+-----------------------+--------------------------+
| Ambient Temp (C)      | 25.0                     |
| ThetaJA (C/W)         | 1.9                      |
| Airflow (LFM)         | 250                      |
| Heat Sink             | medium (Medium Profile)  |
| ThetaSA (C/W)         | 3.4                      |
| Board Selection       | medium (10"x10")         |
| # of Board Layers     | 12to15 (12 to 15 Layers) |
| Board Temperature (C) | 25.0                     |
+-----------------------+--------------------------+


2.2 Clock Constraints
---------------------

+-------+--------+-----------------+
| Clock | Domain | Constraint (ns) |
+-------+--------+-----------------+


3. Detailed Reports
-------------------

3.1 By Hierarchy
----------------

+---------+-----------+
| Name    | Power (W) |
+---------+-----------+
| shifter |     1.274 |
+---------+-----------+


1 Infos, 1 Warnings, 0 Critical Warnings and 0 Errors encountered.
report_power completed successfully
report_power: Time (s): cpu = 00:00:27 ; elapsed = 00:02:28 . Memory (MB): peak = 2429.824 ; gain = 733.859 ; free physical = 252571 ; free virtual = 484190
# report_timing > results/[string trimright [lindex $argv 0] ".v"]/timing.txt
INFO: [Timing 38-91] UpdateTimingParams: Speed grade: -2, Delay Type: max.
INFO: [Timing 38-191] Multithreading enabled for timing update using a maximum of 8 CPUs
INFO: [Timing 38-78] ReportTimingParams: -max_paths 1 -nworst 1 -delay_type max -sort_by slack.
Copyright 1986-2018 Xilinx, Inc. All Rights Reserved.
--------------------------------------------------------------------------------------
| Tool Version : Vivado v.2018.2 (lin64) Build 2258646 Thu Jun 14 20:02:38 MDT 2018
| Date         : Sat Feb 15 18:38:22 2025
| Host         : vlsi.iitgn.ac.in running 64-bit CentOS Linux release 7.4.1708 (Core)
| Command      : report_timing
| Design       : shifter
| Device       : 7a200t-fbg676
| Speed File   : -2  PRODUCTION 1.22 2018-03-21
--------------------------------------------------------------------------------------

Timing Report

Slack:                    inf
  Source:                 Qout_reg[3]/C
                            (rising edge-triggered cell FDRE)
  Destination:            Qout[3]
                            (output port)
  Path Group:             (none)
  Path Type:              Max at Slow Process Corner
  Data Path Delay:        4.334ns  (logic 2.783ns (64.211%)  route 1.551ns (35.789%))
  Logic Levels:           2  (FDRE=1 OBUF=1)

    Location             Delay type                Incr(ns)  Path(ns)    Netlist Resource(s)
  -------------------------------------------------------------------    -------------------
    SLICE_X0Y105         FDRE                         0.000     0.000 r  Qout_reg[3]/C
    SLICE_X0Y105         FDRE (Prop_fdre_C_Q)         0.379     0.379 r  Qout_reg[3]/Q
                         net (fo=1, routed)           1.551     1.930    Qout_OBUF[3]
    M26                  OBUF (Prop_obuf_I_O)         2.404     4.334 r  Qout_OBUF[3]_inst/O
                         net (fo=0)                   0.000     4.334    Qout[3]
    M26                                                               r  Qout[3] (OUT)
  -------------------------------------------------------------------    -------------------




# report_utilization > results/[string trimright [lindex $argv 0] ".v"]/utilization.txt
Copyright 1986-2018 Xilinx, Inc. All Rights Reserved.
--------------------------------------------------------------------------------------
| Tool Version : Vivado v.2018.2 (lin64) Build 2258646 Thu Jun 14 20:02:38 MDT 2018
| Date         : Sat Feb 15 18:38:23 2025
| Host         : vlsi.iitgn.ac.in running 64-bit CentOS Linux release 7.4.1708 (Core)
| Command      : report_utilization
| Design       : shifter
| Device       : 7a200tfbg676-2
| Design State : Routed
--------------------------------------------------------------------------------------

Utilization Design Information

Table of Contents
-----------------
1. Slice Logic
1.1 Summary of Registers by Type
2. Slice Logic Distribution
3. Memory
4. DSP
5. IO and GT Specific
6. Clocking
7. Specific Feature
8. Primitives
9. Black Boxes
10. Instantiated Netlists

1. Slice Logic
--------------

+-------------------------+------+-------+-----------+-------+
|        Site Type        | Used | Fixed | Available | Util% |
+-------------------------+------+-------+-----------+-------+
| Slice LUTs              |    3 |     0 |    134600 | <0.01 |
|   LUT as Logic          |    3 |     0 |    134600 | <0.01 |
|   LUT as Memory         |    0 |     0 |     46200 |  0.00 |
| Slice Registers         |    4 |     0 |    269200 | <0.01 |
|   Register as Flip Flop |    4 |     0 |    269200 | <0.01 |
|   Register as Latch     |    0 |     0 |    269200 |  0.00 |
| F7 Muxes                |    0 |     0 |     67300 |  0.00 |
| F8 Muxes                |    0 |     0 |     33650 |  0.00 |
+-------------------------+------+-------+-----------+-------+


1.1 Summary of Registers by Type
--------------------------------

+-------+--------------+-------------+--------------+
| Total | Clock Enable | Synchronous | Asynchronous |
+-------+--------------+-------------+--------------+
| 0     |            _ |           - |            - |
| 0     |            _ |           - |          Set |
| 0     |            _ |           - |        Reset |
| 0     |            _ |         Set |            - |
| 0     |            _ |       Reset |            - |
| 0     |          Yes |           - |            - |
| 0     |          Yes |           - |          Set |
| 0     |          Yes |           - |        Reset |
| 0     |          Yes |         Set |            - |
| 4     |          Yes |       Reset |            - |
+-------+--------------+-------------+--------------+


2. Slice Logic Distribution
---------------------------

+-------------------------------------------+------+-------+-----------+-------+
|                 Site Type                 | Used | Fixed | Available | Util% |
+-------------------------------------------+------+-------+-----------+-------+
| Slice                                     |    1 |     0 |     33650 | <0.01 |
|   SLICEL                                  |    1 |     0 |           |       |
|   SLICEM                                  |    0 |     0 |           |       |
| LUT as Logic                              |    3 |     0 |    134600 | <0.01 |
|   using O5 output only                    |    0 |       |           |       |
|   using O6 output only                    |    2 |       |           |       |
|   using O5 and O6                         |    1 |       |           |       |
| LUT as Memory                             |    0 |     0 |     46200 |  0.00 |
|   LUT as Distributed RAM                  |    0 |     0 |           |       |
|   LUT as Shift Register                   |    0 |     0 |           |       |
| LUT Flip Flop Pairs                       |    3 |     0 |    134600 | <0.01 |
|   fully used LUT-FF pairs                 |    1 |       |           |       |
|   LUT-FF pairs with one unused LUT output |    2 |       |           |       |
|   LUT-FF pairs with one unused Flip Flop  |    2 |       |           |       |
| Unique Control Sets                       |    1 |       |           |       |
+-------------------------------------------+------+-------+-----------+-------+
* Note: Review the Control Sets Report for more information regarding control sets.


3. Memory
---------

+----------------+------+-------+-----------+-------+
|    Site Type   | Used | Fixed | Available | Util% |
+----------------+------+-------+-----------+-------+
| Block RAM Tile |    0 |     0 |       365 |  0.00 |
|   RAMB36/FIFO* |    0 |     0 |       365 |  0.00 |
|   RAMB18       |    0 |     0 |       730 |  0.00 |
+----------------+------+-------+-----------+-------+
* Note: Each Block RAM Tile only has one FIFO logic available and therefore can accommodate only one FIFO36E1 or one FIFO18E1. However, if a FIFO18E1 occupies a Block RAM Tile, that tile can still accommodate a RAMB18E1


4. DSP
------

+-----------+------+-------+-----------+-------+
| Site Type | Used | Fixed | Available | Util% |
+-----------+------+-------+-----------+-------+
| DSPs      |    0 |     0 |       740 |  0.00 |
+-----------+------+-------+-----------+-------+


5. IO and GT Specific
---------------------

+-----------------------------+------+-------+-----------+-------+
|          Site Type          | Used | Fixed | Available | Util% |
+-----------------------------+------+-------+-----------+-------+
| Bonded IOB                  |   11 |     0 |       400 |  2.75 |
|   IOB Master Pads           |    5 |       |           |       |
|   IOB Slave Pads            |    5 |       |           |       |
| Bonded IPADs                |    0 |     0 |        26 |  0.00 |
| Bonded OPADs                |    0 |     0 |        16 |  0.00 |
| PHY_CONTROL                 |    0 |     0 |        10 |  0.00 |
| PHASER_REF                  |    0 |     0 |        10 |  0.00 |
| OUT_FIFO                    |    0 |     0 |        40 |  0.00 |
| IN_FIFO                     |    0 |     0 |        40 |  0.00 |
| IDELAYCTRL                  |    0 |     0 |        10 |  0.00 |
| IBUFDS                      |    0 |     0 |       384 |  0.00 |
| GTPE2_CHANNEL               |    0 |     0 |         8 |  0.00 |
| PHASER_OUT/PHASER_OUT_PHY   |    0 |     0 |        40 |  0.00 |
| PHASER_IN/PHASER_IN_PHY     |    0 |     0 |        40 |  0.00 |
| IDELAYE2/IDELAYE2_FINEDELAY |    0 |     0 |       500 |  0.00 |
| IBUFDS_GTE2                 |    0 |     0 |         4 |  0.00 |
| ILOGIC                      |    0 |     0 |       400 |  0.00 |
| OLOGIC                      |    0 |     0 |       400 |  0.00 |
+-----------------------------+------+-------+-----------+-------+


6. Clocking
-----------

+------------+------+-------+-----------+-------+
|  Site Type | Used | Fixed | Available | Util% |
+------------+------+-------+-----------+-------+
| BUFGCTRL   |    1 |     0 |        32 |  3.13 |
| BUFIO      |    0 |     0 |        40 |  0.00 |
| MMCME2_ADV |    0 |     0 |        10 |  0.00 |
| PLLE2_ADV  |    0 |     0 |        10 |  0.00 |
| BUFMRCE    |    0 |     0 |        20 |  0.00 |
| BUFHCE     |    0 |     0 |       120 |  0.00 |
| BUFR       |    0 |     0 |        40 |  0.00 |
+------------+------+-------+-----------+-------+


7. Specific Feature
-------------------

+-------------+------+-------+-----------+-------+
|  Site Type  | Used | Fixed | Available | Util% |
+-------------+------+-------+-----------+-------+
| BSCANE2     |    0 |     0 |         4 |  0.00 |
| CAPTUREE2   |    0 |     0 |         1 |  0.00 |
| DNA_PORT    |    0 |     0 |         1 |  0.00 |
| EFUSE_USR   |    0 |     0 |         1 |  0.00 |
| FRAME_ECCE2 |    0 |     0 |         1 |  0.00 |
| ICAPE2      |    0 |     0 |         2 |  0.00 |
| PCIE_2_1    |    0 |     0 |         1 |  0.00 |
| STARTUPE2   |    0 |     0 |         1 |  0.00 |
| XADC        |    0 |     0 |         1 |  0.00 |
+-------------+------+-------+-----------+-------+


8. Primitives
-------------

+----------+------+---------------------+
| Ref Name | Used | Functional Category |
+----------+------+---------------------+
| IBUF     |    7 |                  IO |
| OBUF     |    4 |                  IO |
| FDRE     |    4 |        Flop & Latch |
| LUT6     |    1 |                 LUT |
| LUT5     |    1 |                 LUT |
| LUT4     |    1 |                 LUT |
| LUT3     |    1 |                 LUT |
| BUFG     |    1 |               Clock |
+----------+------+---------------------+


9. Black Boxes
--------------

+----------+------+
| Ref Name | Used |
+----------+------+


10. Instantiated Netlists
-------------------------

+----------+------+
| Ref Name | Used |
+----------+------+


report_utilization: Time (s): cpu = 00:00:00.24 ; elapsed = 00:00:00.77 . Memory (MB): peak = 2429.824 ; gain = 0.000 ; free physical = 252463 ; free virtual = 484091
# update_compile_order -fileset sources_1
# close_project
INFO: [Common 17-206] Exiting Vivado at Sat Feb 15 18:38:24 2025...
