#-----------------------------------------------------------
# Vivado v2018.2 (64-bit)
# SW Build 2258646 on Thu Jun 14 20:02:38 MDT 2018
# IP Build 2256618 on Thu Jun 14 22:10:49 MDT 2018
# Start of session at: Sat Feb 15 18:38:29 2025
# Process ID: 1299
# Current directory: /home/mumuksh24/IC_Design/scripting-and-automation
# Command line: vivado -mode batch -source tcl_run.tcl -tclargs adder1bit.v
# Log file: /home/mumuksh24/IC_Design/scripting-and-automation/vivado.log
# Journal file: /home/mumuksh24/IC_Design/scripting-and-automation/vivado.jou
#-----------------------------------------------------------
source tcl_run.tcl
# open_project [pwd]/Automation/Project_1.xpr 
Scanning sources...
Finished scanning sources
open_project: Time (s): cpu = 00:00:09 ; elapsed = 00:00:20 . Memory (MB): peak = 1388.523 ; gain = 122.020 ; free physical = 252430 ; free virtual = 484031
# set_property source_mgmt_mode None [current_project]
# update_compile_order -fileset sources_1 
# set_property top [string trimright [lindex $argv 0] ".v"] [current_fileset]
# set_property source_mgmt_mode None [current_project]
# update_compile_order -fileset sources_1
CRITICAL WARNING: [filemgmt 20-742] The top module "adder1bit" specified for this project can not be validated. The current project is using automatic hierarchy update mode, and hence a new suitable replacement top will be automatically selected. If this is not desired, please change the hierarchy update mode to one of the manual compile order modes first, and then set top to any desired value.
Resolution: To switch to manual update order go to the Sources view, right-click on any node in the hierarchy and in the context menu select: 'Hierarchy Update' option 'No Update' or run the following Tcl Command: set_property source_mgmt_mode None [current_project] (which is the Manual Compile Order mode).
# reset_run synth_1  
# launch_runs synth_1 -jobs 20
[Sat Feb 15 18:39:28 2025] Launched synth_1...
Run output will be captured here: /home/mumuksh24/IC_Design/scripting-and-automation/Automation/Project_1.runs/synth_1/runme.log
# wait_on_run synth_1
[Sat Feb 15 18:39:29 2025] Waiting for synth_1 to finish...

*** Running vivado
    with args -log top_ripplebit.vds -m64 -product Vivado -mode batch -messageDb vivado.pb -notrace -source top_ripplebit.tcl


****** Vivado v2018.2 (64-bit)
  **** SW Build 2258646 on Thu Jun 14 20:02:38 MDT 2018
  **** IP Build 2256618 on Thu Jun 14 22:10:49 MDT 2018
    ** Copyright 1986-2018 Xilinx, Inc. All Rights Reserved.

source top_ripplebit.tcl -notrace
create_project: Time (s): cpu = 00:00:09 ; elapsed = 00:00:20 . Memory (MB): peak = 1384.531 ; gain = 118.020 ; free physical = 252828 ; free virtual = 484429
Command: synth_design -top top_ripplebit -part xc7a200tfbg676-2
Starting synth_design
Attempting to get a license for feature 'Synthesis' and/or device 'xc7a200t'
INFO: [Common 17-349] Got license for feature 'Synthesis' and/or device 'xc7a200t'
INFO: Launching helper process for spawning children vivado processes
INFO: Helper process launched with PID 4178 
WARNING: [Synth 8-2490] overwriting previous definition of module clk_div [/home/mumuksh24/IC_Design/scripting-and-automation/Modules/top_moore.v:76]
---------------------------------------------------------------------------------
Starting Synthesize : Time (s): cpu = 00:00:04 ; elapsed = 00:00:13 . Memory (MB): peak = 1493.355 ; gain = 97.250 ; free physical = 252717 ; free virtual = 484317
---------------------------------------------------------------------------------
INFO: [Synth 8-6157] synthesizing module 'top_ripplebit' [/home/mumuksh24/IC_Design/scripting-and-automation/Modules/top_ripplebit.v:2]
INFO: [Synth 8-6157] synthesizing module 'Single' [/home/mumuksh24/IC_Design/scripting-and-automation/Modules/top_ripplebit.v:21]
WARNING: [Synth 8-6104] Input port 'cin' has an internal driver [/home/mumuksh24/IC_Design/scripting-and-automation/Modules/top_ripplebit.v:25]
INFO: [Synth 8-6155] done synthesizing module 'Single' (1#1) [/home/mumuksh24/IC_Design/scripting-and-automation/Modules/top_ripplebit.v:21]
WARNING: [Synth 8-3848] Net sum in module/entity top_ripplebit does not have driver. [/home/mumuksh24/IC_Design/scripting-and-automation/Modules/top_ripplebit.v:8]
INFO: [Synth 8-6155] done synthesizing module 'top_ripplebit' (2#1) [/home/mumuksh24/IC_Design/scripting-and-automation/Modules/top_ripplebit.v:2]
WARNING: [Synth 8-3331] design top_ripplebit has unconnected port sum[5]
WARNING: [Synth 8-3331] design top_ripplebit has unconnected port sum[4]
WARNING: [Synth 8-3331] design top_ripplebit has unconnected port sum[3]
WARNING: [Synth 8-3331] design top_ripplebit has unconnected port sum[2]
WARNING: [Synth 8-3331] design top_ripplebit has unconnected port sum[1]
WARNING: [Synth 8-3331] design top_ripplebit has unconnected port sum[0]
WARNING: [Synth 8-3331] design top_ripplebit has unconnected port c[3]
WARNING: [Synth 8-3331] design top_ripplebit has unconnected port c[2]
WARNING: [Synth 8-3331] design top_ripplebit has unconnected port c[1]
WARNING: [Synth 8-3331] design top_ripplebit has unconnected port c[0]
WARNING: [Synth 8-3331] design top_ripplebit has unconnected port d[3]
WARNING: [Synth 8-3331] design top_ripplebit has unconnected port d[2]
WARNING: [Synth 8-3331] design top_ripplebit has unconnected port d[1]
WARNING: [Synth 8-3331] design top_ripplebit has unconnected port d[0]
---------------------------------------------------------------------------------
Finished Synthesize : Time (s): cpu = 00:00:05 ; elapsed = 00:00:16 . Memory (MB): peak = 1522.613 ; gain = 126.508 ; free physical = 252629 ; free virtual = 484230
---------------------------------------------------------------------------------
---------------------------------------------------------------------------------
Finished Constraint Validation : Time (s): cpu = 00:00:06 ; elapsed = 00:00:17 . Memory (MB): peak = 1522.613 ; gain = 126.508 ; free physical = 252642 ; free virtual = 484244
---------------------------------------------------------------------------------
---------------------------------------------------------------------------------
Start Loading Part and Timing Information
---------------------------------------------------------------------------------
Loading part: xc7a200tfbg676-2
---------------------------------------------------------------------------------
Finished Loading Part and Timing Information : Time (s): cpu = 00:00:06 ; elapsed = 00:00:17 . Memory (MB): peak = 1530.613 ; gain = 134.508 ; free physical = 252642 ; free virtual = 484243
---------------------------------------------------------------------------------
INFO: [Device 21-403] Loading part xc7a200tfbg676-2
---------------------------------------------------------------------------------
Finished RTL Optimization Phase 2 : Time (s): cpu = 00:00:06 ; elapsed = 00:00:17 . Memory (MB): peak = 1538.621 ; gain = 142.516 ; free physical = 252687 ; free virtual = 484289
---------------------------------------------------------------------------------

Report RTL Partitions: 
+-+--------------+------------+----------+
| |RTL Partition |Replication |Instances |
+-+--------------+------------+----------+
+-+--------------+------------+----------+
No constraint files found.
---------------------------------------------------------------------------------
Start RTL Component Statistics 
---------------------------------------------------------------------------------
Detailed RTL Component Info : 
+---XORs : 
	   3 Input      1 Bit         XORs := 4     
---------------------------------------------------------------------------------
Finished RTL Component Statistics 
---------------------------------------------------------------------------------
---------------------------------------------------------------------------------
Start RTL Hierarchical Component Statistics 
---------------------------------------------------------------------------------
Hierarchical RTL Component report 
Module Single 
Detailed RTL Component Info : 
+---XORs : 
	   3 Input      1 Bit         XORs := 1     
---------------------------------------------------------------------------------
Finished RTL Hierarchical Component Statistics
---------------------------------------------------------------------------------
---------------------------------------------------------------------------------
Start Part Resource Summary
---------------------------------------------------------------------------------
Part Resources:
DSPs: 740 (col length:100)
BRAMs: 730 (col length: RAMB18 100 RAMB36 50)
---------------------------------------------------------------------------------
Finished Part Resource Summary
---------------------------------------------------------------------------------
No constraint files found.
---------------------------------------------------------------------------------
Start Cross Boundary and Area Optimization
---------------------------------------------------------------------------------
Warning: Parallel synthesis criteria is not met 
WARNING: [Synth 8-3331] design top_ripplebit has unconnected port sum[5]
WARNING: [Synth 8-3331] design top_ripplebit has unconnected port sum[4]
WARNING: [Synth 8-3331] design top_ripplebit has unconnected port sum[3]
WARNING: [Synth 8-3331] design top_ripplebit has unconnected port sum[2]
WARNING: [Synth 8-3331] design top_ripplebit has unconnected port sum[1]
WARNING: [Synth 8-3331] design top_ripplebit has unconnected port sum[0]
WARNING: [Synth 8-3331] design top_ripplebit has unconnected port c[3]
WARNING: [Synth 8-3331] design top_ripplebit has unconnected port c[2]
WARNING: [Synth 8-3331] design top_ripplebit has unconnected port c[1]
WARNING: [Synth 8-3331] design top_ripplebit has unconnected port c[0]
WARNING: [Synth 8-3331] design top_ripplebit has unconnected port d[3]
WARNING: [Synth 8-3331] design top_ripplebit has unconnected port d[2]
WARNING: [Synth 8-3331] design top_ripplebit has unconnected port d[1]
WARNING: [Synth 8-3331] design top_ripplebit has unconnected port d[0]
CRITICAL WARNING: [Synth 8-3352] multi-driven net cout with 1st driver pin 'S1/cout_inferred/cout' [/home/mumuksh24/IC_Design/scripting-and-automation/Modules/top_ripplebit.v:27]
CRITICAL WARNING: [Synth 8-3352] multi-driven net cout with 2nd driver pin 'GND' [/home/mumuksh24/IC_Design/scripting-and-automation/Modules/top_ripplebit.v:27]
CRITICAL WARNING: [Synth 8-5559] multi-driven net cout is connected to constant driver, other driver is ignored [/home/mumuksh24/IC_Design/scripting-and-automation/Modules/top_ripplebit.v:27]
CRITICAL WARNING: [Synth 8-3352] multi-driven net cout with 1st driver pin 'S2/cout_inferred/cout' [/home/mumuksh24/IC_Design/scripting-and-automation/Modules/top_ripplebit.v:27]
CRITICAL WARNING: [Synth 8-3352] multi-driven net cout with 2nd driver pin 'GND' [/home/mumuksh24/IC_Design/scripting-and-automation/Modules/top_ripplebit.v:27]
CRITICAL WARNING: [Synth 8-5559] multi-driven net cout is connected to constant driver, other driver is ignored [/home/mumuksh24/IC_Design/scripting-and-automation/Modules/top_ripplebit.v:27]
CRITICAL WARNING: [Synth 8-3352] multi-driven net cout with 1st driver pin 'S3/cout_inferred/cout' [/home/mumuksh24/IC_Design/scripting-and-automation/Modules/top_ripplebit.v:27]
CRITICAL WARNING: [Synth 8-3352] multi-driven net cout with 2nd driver pin 'GND' [/home/mumuksh24/IC_Design/scripting-and-automation/Modules/top_ripplebit.v:27]
CRITICAL WARNING: [Synth 8-5559] multi-driven net cout is connected to constant driver, other driver is ignored [/home/mumuksh24/IC_Design/scripting-and-automation/Modules/top_ripplebit.v:27]
---------------------------------------------------------------------------------
Finished Cross Boundary and Area Optimization : Time (s): cpu = 00:00:17 ; elapsed = 00:01:57 . Memory (MB): peak = 1673.242 ; gain = 277.137 ; free physical = 251829 ; free virtual = 483438
---------------------------------------------------------------------------------

Report RTL Partitions: 
+-+--------------+------------+----------+
| |RTL Partition |Replication |Instances |
+-+--------------+------------+----------+
+-+--------------+------------+----------+
No constraint files found.
---------------------------------------------------------------------------------
Start Timing Optimization
---------------------------------------------------------------------------------
---------------------------------------------------------------------------------
Finished Timing Optimization : Time (s): cpu = 00:00:17 ; elapsed = 00:01:58 . Memory (MB): peak = 1673.246 ; gain = 277.141 ; free physical = 251899 ; free virtual = 483509
---------------------------------------------------------------------------------

Report RTL Partitions: 
+-+--------------+------------+----------+
| |RTL Partition |Replication |Instances |
+-+--------------+------------+----------+
+-+--------------+------------+----------+
---------------------------------------------------------------------------------
Start Technology Mapping
---------------------------------------------------------------------------------
---------------------------------------------------------------------------------
Finished Technology Mapping : Time (s): cpu = 00:00:17 ; elapsed = 00:01:58 . Memory (MB): peak = 1673.246 ; gain = 277.141 ; free physical = 251884 ; free virtual = 483494
---------------------------------------------------------------------------------

Report RTL Partitions: 
+-+--------------+------------+----------+
| |RTL Partition |Replication |Instances |
+-+--------------+------------+----------+
+-+--------------+------------+----------+
---------------------------------------------------------------------------------
Start IO Insertion
---------------------------------------------------------------------------------
---------------------------------------------------------------------------------
Start Flattening Before IO Insertion
---------------------------------------------------------------------------------
---------------------------------------------------------------------------------
Finished Flattening Before IO Insertion
---------------------------------------------------------------------------------
---------------------------------------------------------------------------------
Start Final Netlist Cleanup
---------------------------------------------------------------------------------
---------------------------------------------------------------------------------
Finished Final Netlist Cleanup
---------------------------------------------------------------------------------
---------------------------------------------------------------------------------
Finished IO Insertion : Time (s): cpu = 00:00:19 ; elapsed = 00:02:01 . Memory (MB): peak = 1673.246 ; gain = 277.141 ; free physical = 251760 ; free virtual = 483366
---------------------------------------------------------------------------------

Report Check Netlist: 
+------+------------------+-------+---------+-------+------------------+
|      |Item              |Errors |Warnings |Status |Description       |
+------+------------------+-------+---------+-------+------------------+
|1     |multi_driven_nets |      0|        0|Passed |Multi driven nets |
+------+------------------+-------+---------+-------+------------------+
---------------------------------------------------------------------------------
Start Renaming Generated Instances
---------------------------------------------------------------------------------
---------------------------------------------------------------------------------
Finished Renaming Generated Instances : Time (s): cpu = 00:00:19 ; elapsed = 00:02:01 . Memory (MB): peak = 1673.246 ; gain = 277.141 ; free physical = 251759 ; free virtual = 483366
---------------------------------------------------------------------------------

Report RTL Partitions: 
+-+--------------+------------+----------+
| |RTL Partition |Replication |Instances |
+-+--------------+------------+----------+
+-+--------------+------------+----------+
---------------------------------------------------------------------------------
Start Rebuilding User Hierarchy
---------------------------------------------------------------------------------
---------------------------------------------------------------------------------
Finished Rebuilding User Hierarchy : Time (s): cpu = 00:00:19 ; elapsed = 00:02:01 . Memory (MB): peak = 1673.246 ; gain = 277.141 ; free physical = 251758 ; free virtual = 483364
---------------------------------------------------------------------------------
---------------------------------------------------------------------------------
Start Renaming Generated Ports
---------------------------------------------------------------------------------
---------------------------------------------------------------------------------
Finished Renaming Generated Ports : Time (s): cpu = 00:00:19 ; elapsed = 00:02:01 . Memory (MB): peak = 1673.246 ; gain = 277.141 ; free physical = 251754 ; free virtual = 483360
---------------------------------------------------------------------------------
---------------------------------------------------------------------------------
Start Handling Custom Attributes
---------------------------------------------------------------------------------
---------------------------------------------------------------------------------
Finished Handling Custom Attributes : Time (s): cpu = 00:00:19 ; elapsed = 00:02:01 . Memory (MB): peak = 1673.246 ; gain = 277.141 ; free physical = 251752 ; free virtual = 483359
---------------------------------------------------------------------------------
---------------------------------------------------------------------------------
Start Renaming Generated Nets
---------------------------------------------------------------------------------
---------------------------------------------------------------------------------
Finished Renaming Generated Nets : Time (s): cpu = 00:00:19 ; elapsed = 00:02:01 . Memory (MB): peak = 1673.246 ; gain = 277.141 ; free physical = 251747 ; free virtual = 483353
---------------------------------------------------------------------------------
---------------------------------------------------------------------------------
Start Writing Synthesis Report
---------------------------------------------------------------------------------

Report BlackBoxes: 
+-+--------------+----------+
| |BlackBox name |Instances |
+-+--------------+----------+
+-+--------------+----------+

Report Cell Usage: 
+------+------+------+
|      |Cell  |Count |
+------+------+------+
|1     |OBUFT |     6|
+------+------+------+

Report Instance Areas: 
+------+---------+-------+------+
|      |Instance |Module |Cells |
+------+---------+-------+------+
|1     |top      |       |     6|
+------+---------+-------+------+
---------------------------------------------------------------------------------
Finished Writing Synthesis Report : Time (s): cpu = 00:00:19 ; elapsed = 00:02:01 . Memory (MB): peak = 1673.246 ; gain = 277.141 ; free physical = 251748 ; free virtual = 483354
---------------------------------------------------------------------------------
Synthesis finished with 0 errors, 9 critical warnings and 31 warnings.
Synthesis Optimization Runtime : Time (s): cpu = 00:00:19 ; elapsed = 00:02:01 . Memory (MB): peak = 1673.246 ; gain = 277.141 ; free physical = 251738 ; free virtual = 483345
Synthesis Optimization Complete : Time (s): cpu = 00:00:19 ; elapsed = 00:02:01 . Memory (MB): peak = 1673.250 ; gain = 277.141 ; free physical = 251738 ; free virtual = 483345
INFO: [Project 1-571] Translating synthesized netlist
INFO: [Project 1-570] Preparing netlist for logic optimization
INFO: [Opt 31-138] Pushed 0 inverter(s) to 0 load pin(s).
INFO: [Project 1-111] Unisim Transformation Summary:
No Unisim elements were transformed.

INFO: [Common 17-83] Releasing license: Synthesis
11 Infos, 31 Warnings, 9 Critical Warnings and 0 Errors encountered.
synth_design completed successfully
synth_design: Time (s): cpu = 00:00:24 ; elapsed = 00:02:11 . Memory (MB): peak = 1770.312 ; gain = 385.781 ; free physical = 251506 ; free virtual = 483117
WARNING: [Constraints 18-5210] No constraint will be written out.
INFO: [Common 17-1381] The checkpoint '/home/mumuksh24/IC_Design/scripting-and-automation/Automation/Project_1.runs/synth_1/top_ripplebit.dcp' has been generated.
INFO: [runtcl-4] Executing : report_utilization -file top_ripplebit_utilization_synth.rpt -pb top_ripplebit_utilization_synth.pb
report_utilization: Time (s): cpu = 00:00:00.19 ; elapsed = 00:00:00.66 . Memory (MB): peak = 1794.332 ; gain = 0.000 ; free physical = 251445 ; free virtual = 483057
INFO: [Common 17-206] Exiting Vivado at Sat Feb 15 18:42:47 2025...
[Sat Feb 15 18:42:48 2025] synth_1 finished
wait_on_run: Time (s): cpu = 00:00:55 ; elapsed = 00:03:19 . Memory (MB): peak = 1404.098 ; gain = 0.000 ; free physical = 252089 ; free virtual = 483699
# reset_run impl_1
# launch_runs impl_1 -jobs 20
[Sat Feb 15 18:42:48 2025] Launched impl_1...
Run output will be captured here: /home/mumuksh24/IC_Design/scripting-and-automation/Automation/Project_1.runs/impl_1/runme.log
# wait_on_run impl_1
[Sat Feb 15 18:42:48 2025] Waiting for impl_1 to finish...

*** Running vivado
    with args -log top_ripplebit.vdi -applog -m64 -product Vivado -messageDb vivado.pb -mode batch -source top_ripplebit.tcl -notrace


****** Vivado v2018.2 (64-bit)
  **** SW Build 2258646 on Thu Jun 14 20:02:38 MDT 2018
  **** IP Build 2256618 on Thu Jun 14 22:10:49 MDT 2018
    ** Copyright 1986-2018 Xilinx, Inc. All Rights Reserved.

source top_ripplebit.tcl -notrace
create_project: Time (s): cpu = 00:00:09 ; elapsed = 00:00:19 . Memory (MB): peak = 1384.020 ; gain = 114.020 ; free physical = 251085 ; free virtual = 482637
Command: link_design -top top_ripplebit -part xc7a200tfbg676-2
Design is defaulting to srcset: sources_1
Design is defaulting to constrset: constrs_1
INFO: [Project 1-479] Netlist was created with Vivado 2018.2
INFO: [Device 21-403] Loading part xc7a200tfbg676-2
INFO: [Project 1-570] Preparing netlist for logic optimization
INFO: [Project 1-111] Unisim Transformation Summary:
No Unisim elements were transformed.

4 Infos, 0 Warnings, 0 Critical Warnings and 0 Errors encountered.
link_design completed successfully
link_design: Time (s): cpu = 00:00:16 ; elapsed = 00:01:50 . Memory (MB): peak = 1693.457 ; gain = 304.438 ; free physical = 250846 ; free virtual = 482407
Command: opt_design
Attempting to get a license for feature 'Implementation' and/or device 'xc7a200t'
INFO: [Common 17-349] Got license for feature 'Implementation' and/or device 'xc7a200t'
Running DRC as a precondition to command opt_design

Starting DRC Task
INFO: [DRC 23-27] Running DRC with 8 threads
INFO: [Project 1-461] DRC finished with 0 Errors
INFO: [Project 1-462] Please refer to the DRC report (report_drc) for more information.

Time (s): cpu = 00:00:00.24 ; elapsed = 00:00:01 . Memory (MB): peak = 1761.484 ; gain = 68.027 ; free physical = 250879 ; free virtual = 482440

Starting Cache Timing Information Task
INFO: [Timing 38-35] Done setting XDC timing constraints.
Ending Cache Timing Information Task | Checksum: 12bae041b

Time (s): cpu = 00:00:25 ; elapsed = 00:02:26 . Memory (MB): peak = 2208.180 ; gain = 446.695 ; free physical = 252084 ; free virtual = 483646

Starting Logic Optimization Task

Phase 1 Retarget
INFO: [Opt 31-138] Pushed 0 inverter(s) to 0 load pin(s).
INFO: [Opt 31-49] Retargeted 0 cell(s).
Phase 1 Retarget | Checksum: 12bae041b

Time (s): cpu = 00:00:00.06 ; elapsed = 00:00:00.23 . Memory (MB): peak = 2208.184 ; gain = 0.004 ; free physical = 252601 ; free virtual = 484162
INFO: [Opt 31-389] Phase Retarget created 0 cells and removed 0 cells

Phase 2 Constant propagation
INFO: [Opt 31-138] Pushed 0 inverter(s) to 0 load pin(s).
Phase 2 Constant propagation | Checksum: 12bae041b

Time (s): cpu = 00:00:00.06 ; elapsed = 00:00:00.23 . Memory (MB): peak = 2208.184 ; gain = 0.004 ; free physical = 252600 ; free virtual = 484162
INFO: [Opt 31-389] Phase Constant propagation created 0 cells and removed 0 cells

Phase 3 Sweep
Phase 3 Sweep | Checksum: 12bae041b

Time (s): cpu = 00:00:00.06 ; elapsed = 00:00:00.23 . Memory (MB): peak = 2208.184 ; gain = 0.004 ; free physical = 252599 ; free virtual = 484160
INFO: [Opt 31-389] Phase Sweep created 0 cells and removed 0 cells

Phase 4 BUFG optimization
Phase 4 BUFG optimization | Checksum: 12bae041b

Time (s): cpu = 00:00:00.06 ; elapsed = 00:00:00.24 . Memory (MB): peak = 2208.184 ; gain = 0.004 ; free physical = 252598 ; free virtual = 484159
INFO: [Opt 31-662] Phase BUFG optimization created 0 cells of which 0 are BUFGs and removed 0 cells.

Phase 5 Shift Register Optimization
Phase 5 Shift Register Optimization | Checksum: 12bae041b

Time (s): cpu = 00:00:00.06 ; elapsed = 00:00:00.26 . Memory (MB): peak = 2208.184 ; gain = 0.004 ; free physical = 252594 ; free virtual = 484155
INFO: [Opt 31-389] Phase Shift Register Optimization created 0 cells and removed 0 cells

Phase 6 Post Processing Netlist
Phase 6 Post Processing Netlist | Checksum: 12bae041b

Time (s): cpu = 00:00:00.07 ; elapsed = 00:00:00.26 . Memory (MB): peak = 2208.184 ; gain = 0.004 ; free physical = 252592 ; free virtual = 484154
INFO: [Opt 31-389] Phase Post Processing Netlist created 0 cells and removed 0 cells

Starting Connectivity Check Task

Time (s): cpu = 00:00:00 ; elapsed = 00:00:00.01 . Memory (MB): peak = 2208.184 ; gain = 0.000 ; free physical = 252593 ; free virtual = 484154
Ending Logic Optimization Task | Checksum: 12bae041b

Time (s): cpu = 00:00:00.07 ; elapsed = 00:00:00.27 . Memory (MB): peak = 2208.184 ; gain = 0.004 ; free physical = 252592 ; free virtual = 484154

Starting Power Optimization Task
INFO: [Pwropt 34-132] Skipping clock gating for clocks with a period < 2.00 ns.
Ending Power Optimization Task | Checksum: 12bae041b

Time (s): cpu = 00:00:00.02 ; elapsed = 00:00:00.09 . Memory (MB): peak = 2208.184 ; gain = 0.000 ; free physical = 252563 ; free virtual = 484125

Starting Final Cleanup Task
Ending Final Cleanup Task | Checksum: 12bae041b

Time (s): cpu = 00:00:00 ; elapsed = 00:00:00 . Memory (MB): peak = 2208.184 ; gain = 0.000 ; free physical = 252560 ; free virtual = 484122
INFO: [Common 17-83] Releasing license: Implementation
20 Infos, 0 Warnings, 0 Critical Warnings and 0 Errors encountered.
opt_design completed successfully
opt_design: Time (s): cpu = 00:00:26 ; elapsed = 00:02:28 . Memory (MB): peak = 2208.184 ; gain = 514.727 ; free physical = 252559 ; free virtual = 484121
WARNING: [Constraints 18-5210] No constraint will be written out.
INFO: [Common 17-1381] The checkpoint '/home/mumuksh24/IC_Design/scripting-and-automation/Automation/Project_1.runs/impl_1/top_ripplebit_opt.dcp' has been generated.
INFO: [runtcl-4] Executing : report_drc -file top_ripplebit_drc_opted.rpt -pb top_ripplebit_drc_opted.pb -rpx top_ripplebit_drc_opted.rpx
Command: report_drc -file top_ripplebit_drc_opted.rpt -pb top_ripplebit_drc_opted.pb -rpx top_ripplebit_drc_opted.rpx
INFO: [IP_Flow 19-234] Refreshing IP repositories
INFO: [IP_Flow 19-1704] No user IP repositories specified
INFO: [IP_Flow 19-2313] Loaded Vivado IP repository '/opt/Xilinx/Vivado/2018.2/data/ip'.
INFO: [DRC 23-27] Running DRC with 8 threads
INFO: [Coretcl 2-168] The results of DRC are in file /home/mumuksh24/IC_Design/scripting-and-automation/Automation/Project_1.runs/impl_1/top_ripplebit_drc_opted.rpt.
report_drc completed successfully
report_drc: Time (s): cpu = 00:00:05 ; elapsed = 00:00:10 . Memory (MB): peak = 2286.820 ; gain = 46.617 ; free physical = 252372 ; free virtual = 483936
Command: place_design
Attempting to get a license for feature 'Implementation' and/or device 'xc7a200t'
INFO: [Common 17-349] Got license for feature 'Implementation' and/or device 'xc7a200t'
INFO: [DRC 23-27] Running DRC with 8 threads
INFO: [Vivado_Tcl 4-198] DRC finished with 0 Errors
INFO: [Vivado_Tcl 4-199] Please refer to the DRC report (report_drc) for more information.
Running DRC as a precondition to command place_design
INFO: [DRC 23-27] Running DRC with 8 threads
INFO: [Vivado_Tcl 4-198] DRC finished with 0 Errors
INFO: [Vivado_Tcl 4-199] Please refer to the DRC report (report_drc) for more information.

Starting Placer Task
INFO: [Place 30-611] Multithreading enabled for place_design using a maximum of 8 CPUs

Phase 1 Placer Initialization

Phase 1.1 Placer Initialization Netlist Sorting
Netlist sorting complete. Time (s): cpu = 00:00:00 ; elapsed = 00:00:00 . Memory (MB): peak = 2286.824 ; gain = 0.000 ; free physical = 252464 ; free virtual = 484026
Phase 1.1 Placer Initialization Netlist Sorting | Checksum: 95d7525e

Time (s): cpu = 00:00:00.01 ; elapsed = 00:00:00.04 . Memory (MB): peak = 2286.824 ; gain = 0.000 ; free physical = 252464 ; free virtual = 484026
Netlist sorting complete. Time (s): cpu = 00:00:00.01 ; elapsed = 00:00:00 . Memory (MB): peak = 2286.824 ; gain = 0.000 ; free physical = 252461 ; free virtual = 484023

Phase 1.2 IO Placement/ Clock Placement/ Build Placer Device
INFO: [Timing 38-35] Done setting XDC timing constraints.
Phase 1.2 IO Placement/ Clock Placement/ Build Placer Device | Checksum: 11852ba24

Time (s): cpu = 00:00:02 ; elapsed = 00:00:03 . Memory (MB): peak = 2327.836 ; gain = 41.012 ; free physical = 252323 ; free virtual = 483885

Phase 1.3 Build Placer Netlist Model
Phase 1.3 Build Placer Netlist Model | Checksum: 138922e9c

Time (s): cpu = 00:00:02 ; elapsed = 00:00:04 . Memory (MB): peak = 2327.836 ; gain = 41.012 ; free physical = 252310 ; free virtual = 483871

Phase 1.4 Constrain Clocks/Macros
Phase 1.4 Constrain Clocks/Macros | Checksum: 138922e9c

Time (s): cpu = 00:00:02 ; elapsed = 00:00:04 . Memory (MB): peak = 2327.836 ; gain = 41.012 ; free physical = 252309 ; free virtual = 483871
Phase 1 Placer Initialization | Checksum: 138922e9c

Time (s): cpu = 00:00:02 ; elapsed = 00:00:04 . Memory (MB): peak = 2327.836 ; gain = 41.012 ; free physical = 252313 ; free virtual = 483875

Phase 2 Final Placement Cleanup
Phase 2 Final Placement Cleanup | Checksum: 138922e9c

Time (s): cpu = 00:00:02 ; elapsed = 00:00:04 . Memory (MB): peak = 2327.836 ; gain = 41.012 ; free physical = 252312 ; free virtual = 483873
INFO: [Place 30-281] No place-able instance is found; design doesn't contain any instance or all instances are placed
Ending Placer Task | Checksum: 11852ba24

Time (s): cpu = 00:00:02 ; elapsed = 00:00:04 . Memory (MB): peak = 2327.836 ; gain = 41.012 ; free physical = 252308 ; free virtual = 483870
INFO: [Common 17-83] Releasing license: Implementation
38 Infos, 1 Warnings, 0 Critical Warnings and 0 Errors encountered.
place_design completed successfully
WARNING: [Constraints 18-5210] No constraint will be written out.
Writing placer database...
Writing XDEF routing.
Writing XDEF routing logical nets.
Writing XDEF routing special nets.
Write XDEF Complete: Time (s): cpu = 00:00:00.19 ; elapsed = 00:00:00.81 . Memory (MB): peak = 2327.836 ; gain = 0.000 ; free physical = 252337 ; free virtual = 483899
INFO: [Common 17-1381] The checkpoint '/home/mumuksh24/IC_Design/scripting-and-automation/Automation/Project_1.runs/impl_1/top_ripplebit_placed.dcp' has been generated.
INFO: [runtcl-4] Executing : report_io -file top_ripplebit_io_placed.rpt
report_io: Time (s): cpu = 00:00:00.27 ; elapsed = 00:00:00.89 . Memory (MB): peak = 2327.836 ; gain = 0.000 ; free physical = 252324 ; free virtual = 483886
INFO: [runtcl-4] Executing : report_utilization -file top_ripplebit_utilization_placed.rpt -pb top_ripplebit_utilization_placed.pb
report_utilization: Time (s): cpu = 00:00:00.22 ; elapsed = 00:00:00.86 . Memory (MB): peak = 2327.836 ; gain = 0.000 ; free physical = 252294 ; free virtual = 483856
INFO: [runtcl-4] Executing : report_control_sets -verbose -file top_ripplebit_control_sets_placed.rpt
report_control_sets: Time (s): cpu = 00:00:00.01 ; elapsed = 00:00:00.39 . Memory (MB): peak = 2327.836 ; gain = 0.000 ; free physical = 252416 ; free virtual = 483977
Command: route_design
Attempting to get a license for feature 'Implementation' and/or device 'xc7a200t'
INFO: [Common 17-349] Got license for feature 'Implementation' and/or device 'xc7a200t'
Running DRC as a precondition to command route_design
INFO: [DRC 23-27] Running DRC with 8 threads
INFO: [Vivado_Tcl 4-198] DRC finished with 0 Errors
INFO: [Vivado_Tcl 4-199] Please refer to the DRC report (report_drc) for more information.


Starting Routing Task
INFO: [Route 35-254] Multithreading enabled for route_design using a maximum of 8 CPUs
Checksum: PlaceDB: 827b67c6 ConstDB: 0 ShapeSum: 95d7525e RouteDB: 0

Phase 1 Build RT Design
Phase 1 Build RT Design | Checksum: 8bff170b

Time (s): cpu = 00:02:06 ; elapsed = 00:03:30 . Memory (MB): peak = 2597.102 ; gain = 269.266 ; free physical = 252482 ; free virtual = 484072
Post Restoration Checksum: NetGraph: 4f150927 NumContArr: 3cea0de4 Constraints: 0 Timing: 0

Phase 2 Router Initialization
INFO: [Route 35-64] No timing constraints were detected. The router will operate in resource-optimization mode.

Phase 2.1 Fix Topology Constraints
Phase 2.1 Fix Topology Constraints | Checksum: 8bff170b

Time (s): cpu = 00:02:06 ; elapsed = 00:03:30 . Memory (MB): peak = 2609.090 ; gain = 281.254 ; free physical = 252492 ; free virtual = 484082

Phase 2.2 Pre Route Cleanup
Phase 2.2 Pre Route Cleanup | Checksum: 8bff170b

Time (s): cpu = 00:02:06 ; elapsed = 00:03:30 . Memory (MB): peak = 2609.090 ; gain = 281.254 ; free physical = 252488 ; free virtual = 484078
 Number of Nodes with overlaps = 0
Phase 2 Router Initialization | Checksum: 1e77080af

Time (s): cpu = 00:02:07 ; elapsed = 00:03:32 . Memory (MB): peak = 2624.605 ; gain = 296.770 ; free physical = 252524 ; free virtual = 484114

Phase 3 Initial Routing
 Number of Nodes with overlaps = 0
Phase 3 Initial Routing | Checksum: 1e77080af

Time (s): cpu = 00:02:08 ; elapsed = 00:03:32 . Memory (MB): peak = 2624.605 ; gain = 296.770 ; free physical = 252572 ; free virtual = 484162

Phase 4 Rip-up And Reroute

Phase 4.1 Global Iteration 0
Phase 4.1 Global Iteration 0 | Checksum: 1e77080af

Time (s): cpu = 00:02:08 ; elapsed = 00:03:32 . Memory (MB): peak = 2624.605 ; gain = 296.770 ; free physical = 252572 ; free virtual = 484161
Phase 4 Rip-up And Reroute | Checksum: 1e77080af

Time (s): cpu = 00:02:08 ; elapsed = 00:03:32 . Memory (MB): peak = 2624.605 ; gain = 296.770 ; free physical = 252569 ; free virtual = 484158

Phase 5 Delay and Skew Optimization
Phase 5 Delay and Skew Optimization | Checksum: 1e77080af

Time (s): cpu = 00:02:08 ; elapsed = 00:03:32 . Memory (MB): peak = 2624.605 ; gain = 296.770 ; free physical = 252567 ; free virtual = 484157

Phase 6 Post Hold Fix

Phase 6.1 Hold Fix Iter
Phase 6.1 Hold Fix Iter | Checksum: 1e77080af

Time (s): cpu = 00:02:08 ; elapsed = 00:03:32 . Memory (MB): peak = 2624.605 ; gain = 296.770 ; free physical = 252565 ; free virtual = 484155
Phase 6 Post Hold Fix | Checksum: 1e77080af

Time (s): cpu = 00:02:08 ; elapsed = 00:03:32 . Memory (MB): peak = 2624.605 ; gain = 296.770 ; free physical = 252564 ; free virtual = 484154

Phase 7 Route finalize

Router Utilization Summary
  Global Vertical Routing Utilization    = 0 %
  Global Horizontal Routing Utilization  = 0 %
  Routable Net Status*
  *Does not include unroutable nets such as driverless and loadless.
  Run report_route_status for detailed report.
  Number of Failed Nets               = 0
  Number of Unrouted Nets             = 0
  Number of Partially Routed Nets     = 0
  Number of Node Overlaps             = 0

Congestion Report
North Dir 1x1 Area, Max Cong = 0%, No Congested Regions.
South Dir 1x1 Area, Max Cong = 0%, No Congested Regions.
East Dir 1x1 Area, Max Cong = 0%, No Congested Regions.
West Dir 1x1 Area, Max Cong = 0%, No Congested Regions.

------------------------------
Reporting congestion hotspots
------------------------------
Direction: North
----------------
Congested clusters found at Level 0
Effective congestion level: 0 Aspect Ratio: 1 Sparse Ratio: 0
Direction: South
----------------
Congested clusters found at Level 0
Effective congestion level: 0 Aspect Ratio: 1 Sparse Ratio: 0
Direction: East
----------------
Congested clusters found at Level 0
Effective congestion level: 0 Aspect Ratio: 1 Sparse Ratio: 0
Direction: West
----------------
Congested clusters found at Level 0
Effective congestion level: 0 Aspect Ratio: 1 Sparse Ratio: 0

Phase 7 Route finalize | Checksum: 1e77080af

Time (s): cpu = 00:02:09 ; elapsed = 00:03:32 . Memory (MB): peak = 2624.605 ; gain = 296.770 ; free physical = 252496 ; free virtual = 484086

Phase 8 Verifying routed nets

 Verification completed successfully
Phase 8 Verifying routed nets | Checksum: 1e77080af

Time (s): cpu = 00:02:09 ; elapsed = 00:03:32 . Memory (MB): peak = 2625.605 ; gain = 297.770 ; free physical = 252493 ; free virtual = 484083

Phase 9 Depositing Routes
Phase 9 Depositing Routes | Checksum: 1e77080af

Time (s): cpu = 00:02:09 ; elapsed = 00:03:33 . Memory (MB): peak = 2625.605 ; gain = 297.770 ; free physical = 252482 ; free virtual = 484072
INFO: [Route 35-16] Router Completed Successfully

Time (s): cpu = 00:02:09 ; elapsed = 00:03:33 . Memory (MB): peak = 2625.605 ; gain = 297.770 ; free physical = 252496 ; free virtual = 484086

Routing Is Done.
INFO: [Common 17-83] Releasing license: Implementation
50 Infos, 2 Warnings, 0 Critical Warnings and 0 Errors encountered.
route_design completed successfully
route_design: Time (s): cpu = 00:02:10 ; elapsed = 00:03:35 . Memory (MB): peak = 2625.609 ; gain = 297.773 ; free physical = 252488 ; free virtual = 484078
WARNING: [Constraints 18-5210] No constraint will be written out.
Writing placer database...
Writing XDEF routing.
Writing XDEF routing logical nets.
Writing XDEF routing special nets.
Write XDEF Complete: Time (s): cpu = 00:00:00.03 ; elapsed = 00:00:00.06 . Memory (MB): peak = 2625.609 ; gain = 0.000 ; free physical = 252454 ; free virtual = 484046
INFO: [Common 17-1381] The checkpoint '/home/mumuksh24/IC_Design/scripting-and-automation/Automation/Project_1.runs/impl_1/top_ripplebit_routed.dcp' has been generated.
INFO: [runtcl-4] Executing : report_drc -file top_ripplebit_drc_routed.rpt -pb top_ripplebit_drc_routed.pb -rpx top_ripplebit_drc_routed.rpx
Command: report_drc -file top_ripplebit_drc_routed.rpt -pb top_ripplebit_drc_routed.pb -rpx top_ripplebit_drc_routed.rpx
INFO: [DRC 23-27] Running DRC with 8 threads
INFO: [Coretcl 2-168] The results of DRC are in file /home/mumuksh24/IC_Design/scripting-and-automation/Automation/Project_1.runs/impl_1/top_ripplebit_drc_routed.rpt.
report_drc completed successfully
INFO: [runtcl-4] Executing : report_methodology -file top_ripplebit_methodology_drc_routed.rpt -pb top_ripplebit_methodology_drc_routed.pb -rpx top_ripplebit_methodology_drc_routed.rpx
Command: report_methodology -file top_ripplebit_methodology_drc_routed.rpt -pb top_ripplebit_methodology_drc_routed.pb -rpx top_ripplebit_methodology_drc_routed.rpx
INFO: [Timing 38-35] Done setting XDC timing constraints.
INFO: [Timing 38-35] Done setting XDC timing constraints.
INFO: [DRC 23-133] Running Methodology with 8 threads
INFO: [Coretcl 2-1520] The results of Report Methodology are in file /home/mumuksh24/IC_Design/scripting-and-automation/Automation/Project_1.runs/impl_1/top_ripplebit_methodology_drc_routed.rpt.
report_methodology completed successfully
INFO: [runtcl-4] Executing : report_power -file top_ripplebit_power_routed.rpt -pb top_ripplebit_power_summary_routed.pb -rpx top_ripplebit_power_routed.rpx
Command: report_power -file top_ripplebit_power_routed.rpt -pb top_ripplebit_power_summary_routed.pb -rpx top_ripplebit_power_routed.rpx
WARNING: [Power 33-232] No user defined clocks were found in the design!
Resolution: Please specify clocks using create_clock/create_generated_clock for sequential elements. For pure combinatorial circuits, please specify a virtual clock, otherwise the vectorless estimation might be inaccurate
INFO: [Timing 38-35] Done setting XDC timing constraints.
Running Vector-less Activity Propagation...

Finished Running Vector-less Activity Propagation
61 Infos, 4 Warnings, 0 Critical Warnings and 0 Errors encountered.
report_power completed successfully
INFO: [runtcl-4] Executing : report_route_status -file top_ripplebit_route_status.rpt -pb top_ripplebit_route_status.pb
INFO: [runtcl-4] Executing : report_timing_summary -max_paths 10 -file top_ripplebit_timing_summary_routed.rpt -pb top_ripplebit_timing_summary_routed.pb -rpx top_ripplebit_timing_summary_routed.rpx -warn_on_violation 
INFO: [Timing 38-91] UpdateTimingParams: Speed grade: -2, Delay Type: min_max, Timing Stage: Requireds.
INFO: [Timing 38-191] Multithreading enabled for timing update using a maximum of 8 CPUs
WARNING: [Timing 38-313] There are no user specified timing constraints. Timing constraints are needed for proper timing analysis.
INFO: [runtcl-4] Executing : report_incremental_reuse -file top_ripplebit_incremental_reuse_routed.rpt
INFO: [Vivado_Tcl 4-545] No incremental reuse to report, no incremental placement and routing data was found.
INFO: [runtcl-4] Executing : report_clock_utilization -file top_ripplebit_clock_utilization_routed.rpt
report_clock_utilization: Time (s): cpu = 00:00:04 ; elapsed = 00:00:09 . Memory (MB): peak = 2736.930 ; gain = 0.000 ; free physical = 252428 ; free virtual = 484037
INFO: [runtcl-4] Executing : report_bus_skew -warn_on_violation -file top_ripplebit_bus_skew_routed.rpt -pb top_ripplebit_bus_skew_routed.pb -rpx top_ripplebit_bus_skew_routed.rpx
INFO: [Timing 38-91] UpdateTimingParams: Speed grade: -2, Delay Type: min_max, Timing Stage: Requireds.
INFO: [Timing 38-191] Multithreading enabled for timing update using a maximum of 8 CPUs
INFO: [Common 17-206] Exiting Vivado at Sat Feb 15 18:52:25 2025...
[Sat Feb 15 18:52:30 2025] impl_1 finished
wait_on_run: Time (s): cpu = 00:00:01 ; elapsed = 00:09:42 . Memory (MB): peak = 1404.098 ; gain = 0.000 ; free physical = 253596 ; free virtual = 485223
# open_run impl_1
INFO: [Project 1-479] Netlist was created with Vivado 2018.2
INFO: [Device 21-403] Loading part xc7a200tfbg676-2
INFO: [Project 1-570] Preparing netlist for logic optimization
Reading XDEF placement.
Reading placer database...
Reading XDEF routing.
Read XDEF File: Time (s): cpu = 00:00:00.18 ; elapsed = 00:00:00.90 . Memory (MB): peak = 1697.961 ; gain = 5.000 ; free physical = 252704 ; free virtual = 484306
Restored from archive | CPU: 0.400000 secs | Memory: 0.931854 MB |
Finished XDEF File Restore: Time (s): cpu = 00:00:00.18 ; elapsed = 00:00:00.90 . Memory (MB): peak = 1697.961 ; gain = 5.000 ; free physical = 252701 ; free virtual = 484303
INFO: [Project 1-111] Unisim Transformation Summary:
No Unisim elements were transformed.

open_run: Time (s): cpu = 00:00:15 ; elapsed = 00:01:48 . Memory (MB): peak = 1697.961 ; gain = 293.863 ; free physical = 252702 ; free virtual = 484303
# report_power > results/[string trimright [lindex $argv 0] ".v"]/power.txt
Command: report_power
INFO: [Timing 38-35] Done setting XDC timing constraints.
WARNING: [Power 33-232] No user defined clocks were found in the design!
Resolution: Please specify clocks using create_clock/create_generated_clock for sequential elements. For pure combinatorial circuits, please specify a virtual clock, otherwise the vectorless estimation might be inaccurate
Running Vector-less Activity Propagation...

Finished Running Vector-less Activity Propagation
Copyright 1986-2018 Xilinx, Inc. All Rights Reserved.
------------------------------------------------------------------------------------------
| Tool Version     : Vivado v.2018.2 (lin64) Build 2258646 Thu Jun 14 20:02:38 MDT 2018
| Date             : Sat Feb 15 18:56:46 2025
| Host             : vlsi.iitgn.ac.in running 64-bit CentOS Linux release 7.4.1708 (Core)
| Command          : report_power
| Design           : top_ripplebit
| Device           : xc7a200tfbg676-2
| Design State     : routed
| Grade            : commercial
| Process          : typical
| Characterization : Production
------------------------------------------------------------------------------------------

Power Report

Table of Contents
-----------------
1. Summary
1.1 On-Chip Components
1.2 Power Supply Summary
1.3 Confidence Level
2. Settings
2.1 Environment
2.2 Clock Constraints
3. Detailed Reports
3.1 By Hierarchy

1. Summary
----------

+--------------------------+--------------+
| Total On-Chip Power (W)  | 0.122        |
| Design Power Budget (W)  | Unspecified* |
| Power Budget Margin (W)  | NA           |
| Dynamic (W)              | 0.000        |
| Device Static (W)        | 0.122        |
| Effective TJA (C/W)      | 1.9          |
| Max Ambient (C)          | 84.8         |
| Junction Temperature (C) | 25.2         |
| Confidence Level         | High         |
| Setting File             | ---          |
| Simulation Activity File | ---          |
| Design Nets Matched      | NA           |
+--------------------------+--------------+
* Specify Design Power Budget using, set_operating_conditions -design_power_budget <value in Watts>


1.1 On-Chip Components
----------------------

+--------------+-----------+----------+-----------+-----------------+
| On-Chip      | Power (W) | Used     | Available | Utilization (%) |
+--------------+-----------+----------+-----------+-----------------+
| Slice Logic  |     0.000 |        2 |       --- |             --- |
|   Others     |     0.000 |        2 |       --- |             --- |
| I/O          |     0.000 |        6 |       400 |            1.50 |
| Static Power |     0.122 |          |           |                 |
| Total        |     0.122 |          |           |                 |
+--------------+-----------+----------+-----------+-----------------+


1.2 Power Supply Summary
------------------------

+-----------+-------------+-----------+-------------+------------+
| Source    | Voltage (V) | Total (A) | Dynamic (A) | Static (A) |
+-----------+-------------+-----------+-------------+------------+
| Vccint    |       1.000 |     0.030 |       0.000 |      0.030 |
| Vccaux    |       1.800 |     0.030 |       0.000 |      0.030 |
| Vcco33    |       3.300 |     0.000 |       0.000 |      0.000 |
| Vcco25    |       2.500 |     0.000 |       0.000 |      0.000 |
| Vcco18    |       1.800 |     0.000 |       0.000 |      0.000 |
| Vcco15    |       1.500 |     0.000 |       0.000 |      0.000 |
| Vcco135   |       1.350 |     0.000 |       0.000 |      0.000 |
| Vcco12    |       1.200 |     0.000 |       0.000 |      0.000 |
| Vccaux_io |       1.800 |     0.000 |       0.000 |      0.000 |
| Vccbram   |       1.000 |     0.001 |       0.000 |      0.001 |
| MGTAVcc   |       1.000 |     0.000 |       0.000 |      0.000 |
| MGTAVtt   |       1.200 |     0.000 |       0.000 |      0.000 |
| Vccadc    |       1.800 |     0.020 |       0.000 |      0.020 |
+-----------+-------------+-----------+-------------+------------+


1.3 Confidence Level
--------------------

+-----------------------------+------------+------------------------------------------------+--------+
| User Input Data             | Confidence | Details                                        | Action |
+-----------------------------+------------+------------------------------------------------+--------+
| Design implementation state | High       | Design is routed                               |        |
| Clock nodes activity        | High       | User specified more than 95% of clocks         |        |
| I/O nodes activity          | High       | User specified more than 95% of inputs         |        |
| Internal nodes activity     | High       | User specified more than 25% of internal nodes |        |
| Device models               | High       | Device models are Production                   |        |
|                             |            |                                                |        |
| Overall confidence level    | High       |                                                |        |
+-----------------------------+------------+------------------------------------------------+--------+


2. Settings
-----------

2.1 Environment
---------------

+-----------------------+--------------------------+
| Ambient Temp (C)      | 25.0                     |
| ThetaJA (C/W)         | 1.9                      |
| Airflow (LFM)         | 250                      |
| Heat Sink             | medium (Medium Profile)  |
| ThetaSA (C/W)         | 3.4                      |
| Board Selection       | medium (10"x10")         |
| # of Board Layers     | 12to15 (12 to 15 Layers) |
| Board Temperature (C) | 25.0                     |
+-----------------------+--------------------------+


2.2 Clock Constraints
---------------------

+-------+--------+-----------------+
| Clock | Domain | Constraint (ns) |
+-------+--------+-----------------+


3. Detailed Reports
-------------------

3.1 By Hierarchy
----------------

+---------------+-----------+
| Name          | Power (W) |
+---------------+-----------+
| top_ripplebit |     0.000 |
+---------------+-----------+


1 Infos, 1 Warnings, 0 Critical Warnings and 0 Errors encountered.
report_power completed successfully
report_power: Time (s): cpu = 00:00:26 ; elapsed = 00:02:28 . Memory (MB): peak = 2348.746 ; gain = 650.785 ; free physical = 253416 ; free virtual = 484995
# report_timing > results/[string trimright [lindex $argv 0] ".v"]/timing.txt
INFO: [Timing 38-91] UpdateTimingParams: Speed grade: -2, Delay Type: max.
INFO: [Timing 38-191] Multithreading enabled for timing update using a maximum of 8 CPUs
INFO: [Timing 38-78] ReportTimingParams: -max_paths 1 -nworst 1 -delay_type max -sort_by slack.
INFO: [Timing 38-72] No paths found.
Copyright 1986-2018 Xilinx, Inc. All Rights Reserved.
--------------------------------------------------------------------------------------
| Tool Version : Vivado v.2018.2 (lin64) Build 2258646 Thu Jun 14 20:02:38 MDT 2018
| Date         : Sat Feb 15 18:56:46 2025
| Host         : vlsi.iitgn.ac.in running 64-bit CentOS Linux release 7.4.1708 (Core)
| Command      : report_timing
| Design       : top_ripplebit
| Device       : 7a200t-fbg676
| Speed File   : -2  PRODUCTION 1.22 2018-03-21
--------------------------------------------------------------------------------------

Timing Report

No timing paths found.


# report_utilization > results/[string trimright [lindex $argv 0] ".v"]/utilization.txt
Copyright 1986-2018 Xilinx, Inc. All Rights Reserved.
--------------------------------------------------------------------------------------
| Tool Version : Vivado v.2018.2 (lin64) Build 2258646 Thu Jun 14 20:02:38 MDT 2018
| Date         : Sat Feb 15 18:56:47 2025
| Host         : vlsi.iitgn.ac.in running 64-bit CentOS Linux release 7.4.1708 (Core)
| Command      : report_utilization
| Design       : top_ripplebit
| Device       : 7a200tfbg676-2
| Design State : Routed
--------------------------------------------------------------------------------------

Utilization Design Information

Table of Contents
-----------------
1. Slice Logic
1.1 Summary of Registers by Type
2. Slice Logic Distribution
3. Memory
4. DSP
5. IO and GT Specific
6. Clocking
7. Specific Feature
8. Primitives
9. Black Boxes
10. Instantiated Netlists

1. Slice Logic
--------------

+-------------------------+------+-------+-----------+-------+
|        Site Type        | Used | Fixed | Available | Util% |
+-------------------------+------+-------+-----------+-------+
| Slice LUTs              |    0 |     0 |    134600 |  0.00 |
|   LUT as Logic          |    0 |     0 |    134600 |  0.00 |
|   LUT as Memory         |    0 |     0 |     46200 |  0.00 |
| Slice Registers         |    0 |     0 |    269200 |  0.00 |
|   Register as Flip Flop |    0 |     0 |    269200 |  0.00 |
|   Register as Latch     |    0 |     0 |    269200 |  0.00 |
| F7 Muxes                |    0 |     0 |     67300 |  0.00 |
| F8 Muxes                |    0 |     0 |     33650 |  0.00 |
+-------------------------+------+-------+-----------+-------+


1.1 Summary of Registers by Type
--------------------------------

+-------+--------------+-------------+--------------+
| Total | Clock Enable | Synchronous | Asynchronous |
+-------+--------------+-------------+--------------+
| 0     |            _ |           - |            - |
| 0     |            _ |           - |          Set |
| 0     |            _ |           - |        Reset |
| 0     |            _ |         Set |            - |
| 0     |            _ |       Reset |            - |
| 0     |          Yes |           - |            - |
| 0     |          Yes |           - |          Set |
| 0     |          Yes |           - |        Reset |
| 0     |          Yes |         Set |            - |
| 0     |          Yes |       Reset |            - |
+-------+--------------+-------------+--------------+


2. Slice Logic Distribution
---------------------------

+--------------------------+------+-------+-----------+-------+
|         Site Type        | Used | Fixed | Available | Util% |
+--------------------------+------+-------+-----------+-------+
| Slice                    |    0 |     0 |     33650 |  0.00 |
|   SLICEL                 |    0 |     0 |           |       |
|   SLICEM                 |    0 |     0 |           |       |
| LUT as Logic             |    0 |     0 |    134600 |  0.00 |
| LUT as Memory            |    0 |     0 |     46200 |  0.00 |
|   LUT as Distributed RAM |    0 |     0 |           |       |
|   LUT as Shift Register  |    0 |     0 |           |       |
| LUT Flip Flop Pairs      |    0 |     0 |    134600 |  0.00 |
| Unique Control Sets      |    0 |       |           |       |
+--------------------------+------+-------+-----------+-------+
* Note: Review the Control Sets Report for more information regarding control sets.


3. Memory
---------

+----------------+------+-------+-----------+-------+
|    Site Type   | Used | Fixed | Available | Util% |
+----------------+------+-------+-----------+-------+
| Block RAM Tile |    0 |     0 |       365 |  0.00 |
|   RAMB36/FIFO* |    0 |     0 |       365 |  0.00 |
|   RAMB18       |    0 |     0 |       730 |  0.00 |
+----------------+------+-------+-----------+-------+
* Note: Each Block RAM Tile only has one FIFO logic available and therefore can accommodate only one FIFO36E1 or one FIFO18E1. However, if a FIFO18E1 occupies a Block RAM Tile, that tile can still accommodate a RAMB18E1


4. DSP
------

+-----------+------+-------+-----------+-------+
| Site Type | Used | Fixed | Available | Util% |
+-----------+------+-------+-----------+-------+
| DSPs      |    0 |     0 |       740 |  0.00 |
+-----------+------+-------+-----------+-------+


5. IO and GT Specific
---------------------

+-----------------------------+------+-------+-----------+-------+
|          Site Type          | Used | Fixed | Available | Util% |
+-----------------------------+------+-------+-----------+-------+
| Bonded IOB                  |    6 |     0 |       400 |  1.50 |
|   IOB Master Pads           |    2 |       |           |       |
|   IOB Slave Pads            |    3 |       |           |       |
| Bonded IPADs                |    0 |     0 |        26 |  0.00 |
| Bonded OPADs                |    0 |     0 |        16 |  0.00 |
| PHY_CONTROL                 |    0 |     0 |        10 |  0.00 |
| PHASER_REF                  |    0 |     0 |        10 |  0.00 |
| OUT_FIFO                    |    0 |     0 |        40 |  0.00 |
| IN_FIFO                     |    0 |     0 |        40 |  0.00 |
| IDELAYCTRL                  |    0 |     0 |        10 |  0.00 |
| IBUFDS                      |    0 |     0 |       384 |  0.00 |
| GTPE2_CHANNEL               |    0 |     0 |         8 |  0.00 |
| PHASER_OUT/PHASER_OUT_PHY   |    0 |     0 |        40 |  0.00 |
| PHASER_IN/PHASER_IN_PHY     |    0 |     0 |        40 |  0.00 |
| IDELAYE2/IDELAYE2_FINEDELAY |    0 |     0 |       500 |  0.00 |
| IBUFDS_GTE2                 |    0 |     0 |         4 |  0.00 |
| ILOGIC                      |    0 |     0 |       400 |  0.00 |
| OLOGIC                      |    0 |     0 |       400 |  0.00 |
+-----------------------------+------+-------+-----------+-------+


6. Clocking
-----------

+------------+------+-------+-----------+-------+
|  Site Type | Used | Fixed | Available | Util% |
+------------+------+-------+-----------+-------+
| BUFGCTRL   |    0 |     0 |        32 |  0.00 |
| BUFIO      |    0 |     0 |        40 |  0.00 |
| MMCME2_ADV |    0 |     0 |        10 |  0.00 |
| PLLE2_ADV  |    0 |     0 |        10 |  0.00 |
| BUFMRCE    |    0 |     0 |        20 |  0.00 |
| BUFHCE     |    0 |     0 |       120 |  0.00 |
| BUFR       |    0 |     0 |        40 |  0.00 |
+------------+------+-------+-----------+-------+


7. Specific Feature
-------------------

+-------------+------+-------+-----------+-------+
|  Site Type  | Used | Fixed | Available | Util% |
+-------------+------+-------+-----------+-------+
| BSCANE2     |    0 |     0 |         4 |  0.00 |
| CAPTUREE2   |    0 |     0 |         1 |  0.00 |
| DNA_PORT    |    0 |     0 |         1 |  0.00 |
| EFUSE_USR   |    0 |     0 |         1 |  0.00 |
| FRAME_ECCE2 |    0 |     0 |         1 |  0.00 |
| ICAPE2      |    0 |     0 |         2 |  0.00 |
| PCIE_2_1    |    0 |     0 |         1 |  0.00 |
| STARTUPE2   |    0 |     0 |         1 |  0.00 |
| XADC        |    0 |     0 |         1 |  0.00 |
+-------------+------+-------+-----------+-------+


8. Primitives
-------------

+----------+------+---------------------+
| Ref Name | Used | Functional Category |
+----------+------+---------------------+
| OBUFT    |    6 |                  IO |
+----------+------+---------------------+


9. Black Boxes
--------------

+----------+------+
| Ref Name | Used |
+----------+------+


10. Instantiated Netlists
-------------------------

+----------+------+
| Ref Name | Used |
+----------+------+


report_utilization: Time (s): cpu = 00:00:00.23 ; elapsed = 00:00:00.77 . Memory (MB): peak = 2348.746 ; gain = 0.000 ; free physical = 253284 ; free virtual = 484859
# update_compile_order -fileset sources_1
# close_project
INFO: [Common 17-206] Exiting Vivado at Sat Feb 15 18:56:48 2025...
